SF:/home/runner/work/CrossValidation/CrossValidation/tests/CrossValidation.WebApplication/Program.cs
FN:5,System.Void Program::<Main>$(System.String[])
FNDA:36,System.Void Program::<Main>$(System.String[])
DA:6,36
DA:7,36
DA:9,36
DA:10,36
DA:12,36
DA:14,36
FN:19,System.Void ErrorWithCodeFromCustomResx::.ctor()
FNDA:6,System.Void ErrorWithCodeFromCustomResx::.ctor()
DA:20,6
FN:21,System.Void ErrorWithCodeWithoutResxKey::.ctor()
FNDA:3,System.Void ErrorWithCodeWithoutResxKey::.ctor()
DA:22,3
LF:8
LH:8
BRF:0
BRH:0
FNF:3
FNH:3
end_of_record
SF:/home/runner/work/CrossValidation/CrossValidation/src/CrossValidation.ShouldlyAssertions/AssertionExtensions.cs
FN:11,CrossValidation.Errors.ICrossError CrossValidation.ShouldlyAssertions.AssertionExtensions::ShouldThrowCrossError(System.Action,System.String)
FNDA:41,CrossValidation.Errors.ICrossError CrossValidation.ShouldlyAssertions.AssertionExtensions::ShouldThrowCrossError(System.Action,System.String)
DA:12,41
FN:21,CrossValidation.Errors.ICrossError CrossValidation.ShouldlyAssertions.AssertionExtensions::ShouldThrowCrossError(System.Func`1<System.Object>,System.String)
FNDA:17,CrossValidation.Errors.ICrossError CrossValidation.ShouldlyAssertions.AssertionExtensions::ShouldThrowCrossError(System.Func`1<System.Object>,System.String)
DA:22,17
FN:32,TCrossError CrossValidation.ShouldlyAssertions.AssertionExtensions::ShouldThrowCrossError(System.Action,System.String)
FNDA:11,TCrossError CrossValidation.ShouldlyAssertions.AssertionExtensions::ShouldThrowCrossError(System.Action,System.String)
DA:33,11
DA:34,11
FN:39,TCrossError CrossValidation.ShouldlyAssertions.AssertionExtensions::ShouldThrowCrossError(System.Func`1<System.Object>,System.String)
FNDA:31,TCrossError CrossValidation.ShouldlyAssertions.AssertionExtensions::ShouldThrowCrossError(System.Func`1<System.Object>,System.String)
DA:40,31
DA:41,31
FN:53,TCrossError CrossValidation.ShouldlyAssertions.AssertionExtensions::ShouldThrowCrossError(System.Func`1<System.Threading.Tasks.Task>,System.String)
FNDA:0,TCrossError CrossValidation.ShouldlyAssertions.AssertionExtensions::ShouldThrowCrossError(System.Func`1<System.Threading.Tasks.Task>,System.String)
DA:54,0
DA:55,0
FN:66,System.Collections.Generic.List`1<CrossValidation.Errors.ICrossError> CrossValidation.ShouldlyAssertions.AssertionExtensions::ShouldThrowCrossErrors(System.Action,System.String)
FNDA:9,System.Collections.Generic.List`1<CrossValidation.Errors.ICrossError> CrossValidation.ShouldlyAssertions.AssertionExtensions::ShouldThrowCrossErrors(System.Action,System.String)
DA:67,9
DA:68,9
FN:78,System.Collections.Generic.List`1<CrossValidation.Errors.ICrossError> CrossValidation.ShouldlyAssertions.AssertionExtensions::ShouldThrowCrossErrors(System.Func`1<System.Object>,System.String)
FNDA:0,System.Collections.Generic.List`1<CrossValidation.Errors.ICrossError> CrossValidation.ShouldlyAssertions.AssertionExtensions::ShouldThrowCrossErrors(System.Func`1<System.Object>,System.String)
DA:79,0
DA:80,0
FN:16,System.Void CrossValidation.ShouldlyAssertions.AssertionExtensions/<ShouldThrowCrossErrorAsync>d__1::MoveNext()
FNDA:0,System.Void CrossValidation.ShouldlyAssertions.AssertionExtensions/<ShouldThrowCrossErrorAsync>d__1::MoveNext()
DA:17,0
DA:18,0
FN:26,System.Void CrossValidation.ShouldlyAssertions.AssertionExtensions/<ShouldThrowCrossErrorAsync>d__3::MoveNext()
FNDA:11,System.Void CrossValidation.ShouldlyAssertions.AssertionExtensions/<ShouldThrowCrossErrorAsync>d__3::MoveNext()
DA:27,11
DA:28,11
FN:46,System.Void CrossValidation.ShouldlyAssertions.AssertionExtensions/<ShouldThrowCrossErrorAsync>d__6`1::MoveNext()
FNDA:0,System.Void CrossValidation.ShouldlyAssertions.AssertionExtensions/<ShouldThrowCrossErrorAsync>d__6`1::MoveNext()
DA:47,0
DA:48,0
DA:49,0
FN:60,System.Void CrossValidation.ShouldlyAssertions.AssertionExtensions/<ShouldThrowCrossErrorAsync>d__8`1::MoveNext()
FNDA:12,System.Void CrossValidation.ShouldlyAssertions.AssertionExtensions/<ShouldThrowCrossErrorAsync>d__8`1::MoveNext()
DA:61,12
DA:62,12
DA:63,12
FN:72,System.Void CrossValidation.ShouldlyAssertions.AssertionExtensions/<ShouldThrowCrossErrorsAsync>d__10::MoveNext()
FNDA:0,System.Void CrossValidation.ShouldlyAssertions.AssertionExtensions/<ShouldThrowCrossErrorsAsync>d__10::MoveNext()
DA:73,0
DA:74,0
DA:75,0
FN:84,System.Void CrossValidation.ShouldlyAssertions.AssertionExtensions/<ShouldThrowCrossErrorsAsync>d__12::MoveNext()
FNDA:4,System.Void CrossValidation.ShouldlyAssertions.AssertionExtensions/<ShouldThrowCrossErrorsAsync>d__12::MoveNext()
DA:85,4
DA:86,4
DA:87,4
LF:28
LH:16
BRF:0
BRH:0
FNF:13
FNH:8
end_of_record
SF:/home/runner/work/CrossValidation/CrossValidation/src/CrossValidation/CrossValidationOptions.cs
FN:12,System.Boolean CrossValidation.CrossValidationOptions::get_LocalizeErrorInClient()
FNDA:84,System.Boolean CrossValidation.CrossValidationOptions::get_LocalizeErrorInClient()
DA:13,84
FN:13,System.Collections.Generic.List`1<System.Resources.ResourceManager> CrossValidation.CrossValidationOptions::get_ResourceManagers()
FNDA:326,System.Collections.Generic.List`1<System.Resources.ResourceManager> CrossValidation.CrossValidationOptions::get_ResourceManagers()
DA:14,326
FN:14,System.Boolean CrossValidation.CrossValidationOptions::get_HandleUnknownException()
FNDA:26,System.Boolean CrossValidation.CrossValidationOptions::get_HandleUnknownException()
DA:15,26
FN:15,System.String CrossValidation.CrossValidationOptions::get_DefaultCultureCode()
FNDA:486,System.String CrossValidation.CrossValidationOptions::get_DefaultCultureCode()
DA:16,486
FN:16,System.Collections.Generic.List`1<System.String> CrossValidation.CrossValidationOptions::get_SupportedCultureCodes()
FNDA:84,System.Collections.Generic.List`1<System.String> CrossValidation.CrossValidationOptions::get_SupportedCultureCodes()
DA:17,84
FN:20,System.Void CrossValidation.CrossValidationOptions::SetDefaultOptions()
FNDA:24,System.Void CrossValidation.CrossValidationOptions::SetDefaultOptions()
DA:21,24
DA:22,24
DA:23,24
DA:24,24
DA:25,24
DA:26,24
FN:29,System.Void CrossValidation.CrossValidationOptions::AddResourceManager()
FNDA:16,System.Void CrossValidation.CrossValidationOptions::AddResourceManager()
DA:30,16
DA:31,16
DA:32,16
DA:33,16
DA:34,16
DA:35,16
FN:38,System.String CrossValidation.CrossValidationOptions::GetMessageFromCode(System.String)
FNDA:269,System.String CrossValidation.CrossValidationOptions::GetMessageFromCode(System.String)
DA:39,269
DA:41,853
DA:43,277
DA:45,277
DA:47,239
DA:51,269
BRDA:41,41,1,277
BRDA:45,30,0,239
BRDA:45,30,1,307
BRDA:41,41,0,30
FN:55,System.Boolean CrossValidation.CrossValidationOptions::SetDefaultLocalizeErrorInClient()
FNDA:25,System.Boolean CrossValidation.CrossValidationOptions::SetDefaultLocalizeErrorInClient()
DA:56,25
FN:60,System.Collections.Generic.List`1<System.Resources.ResourceManager> CrossValidation.CrossValidationOptions::SetDefaultResourceManager()
FNDA:25,System.Collections.Generic.List`1<System.Resources.ResourceManager> CrossValidation.CrossValidationOptions::SetDefaultResourceManager()
DA:61,25
DA:62,25
DA:63,25
DA:64,25
FN:68,System.Boolean CrossValidation.CrossValidationOptions::SetDefaultHandleUnknownException()
FNDA:25,System.Boolean CrossValidation.CrossValidationOptions::SetDefaultHandleUnknownException()
DA:69,25
FN:73,System.String CrossValidation.CrossValidationOptions::SetDefaultCultureCode()
FNDA:25,System.String CrossValidation.CrossValidationOptions::SetDefaultCultureCode()
DA:74,25
FN:78,System.Collections.Generic.List`1<System.String> CrossValidation.CrossValidationOptions::SetDefaultSupportedCultureCodes()
FNDA:25,System.Collections.Generic.List`1<System.String> CrossValidation.CrossValidationOptions::SetDefaultSupportedCultureCodes()
DA:79,25
LF:31
LH:31
BRF:4
BRH:4
FNF:13
FNH:13
end_of_record
SF:/home/runner/work/CrossValidation/CrossValidation/src/CrossValidation/ModelValidator.cs
FN:12,CrossValidation.Validations.IValidation`1<TModel> CrossValidation.ModelValidator`1::get_ScopeCreatorValidation()
FNDA:710,CrossValidation.Validations.IValidation`1<TModel> CrossValidation.ModelValidator`1::get_ScopeCreatorValidation()
DA:13,710
FN:13,TModel CrossValidation.ModelValidator`1::get_Model()
FNDA:93,TModel CrossValidation.ModelValidator`1::get_Model()
DA:14,93
FN:17,CrossValidation.ValidationMode CrossValidation.ModelValidator`1::get_ValidationMode()
FNDA:1,CrossValidation.ValidationMode CrossValidation.ModelValidator`1::get_ValidationMode()
DA:18,1
FN:20,System.Void CrossValidation.ModelValidator`1::set_ValidationMode(CrossValidation.ValidationMode)
FNDA:52,System.Void CrossValidation.ModelValidator`1::set_ValidationMode(CrossValidation.ValidationMode)
DA:21,52
DA:23,1
DA:26,51
DA:27,51
DA:28,51
BRDA:21,16,0,1
BRDA:21,16,1,51
FN:41,CrossValidation.Validations.IValidation`1<TField> CrossValidation.ModelValidator`1::Field(TField,CrossValidation.Errors.ICrossError,System.String,System.String,System.String,System.Nullable`1<System.Net.HttpStatusCode>,System.String,System.String)
FNDA:83,CrossValidation.Validations.IValidation`1<TField> CrossValidation.ModelValidator`1::Field(TField,CrossValidation.Errors.ICrossError,System.String,System.String,System.String,System.Nullable`1<System.Net.HttpStatusCode>,System.String,System.String)
DA:42,83
DA:43,83
DA:44,83
DA:45,83
DA:46,257
DA:47,83
DA:48,83
DA:49,83
DA:50,83
DA:51,83
DA:52,83
DA:53,83
BRDA:42,21,0,0
BRDA:42,21,1,83
FN:65,CrossValidation.Validations.IValidation`1<TField> CrossValidation.ModelValidator`1::That(TField,CrossValidation.Errors.ICrossError,System.String,System.String,System.String,System.Nullable`1<System.Net.HttpStatusCode>,System.String)
FNDA:75,CrossValidation.Validations.IValidation`1<TField> CrossValidation.ModelValidator`1::That(TField,CrossValidation.Errors.ICrossError,System.String,System.String,System.String,System.Nullable`1<System.Net.HttpStatusCode>,System.String)
DA:66,75
DA:67,26
DA:68,26
DA:69,26
DA:70,26
DA:71,26
DA:72,26
DA:73,26
FN:79,System.Void CrossValidation.ModelValidator`1::Validate(TModel)
FNDA:61,System.Void CrossValidation.ModelValidator`1::Validate(TModel)
DA:80,61
DA:81,61
DA:82,61
DA:83,3
FN:91,System.Void CrossValidation.ModelValidator`1/<InternalValidateAsync>d__19::MoveNext()
FNDA:79,System.Void CrossValidation.ModelValidator`1/<InternalValidateAsync>d__19::MoveNext()
DA:92,79
DA:93,79
DA:94,79
DA:95,79
DA:96,79
DA:97,79
DA:99,47
DA:101,18
DA:104,43
DA:106,39
DA:108,24
DA:109,24
DA:110,24
DA:114,106
DA:116,38
DA:119,15
DA:122,4
BRDA:99,118,0,18
BRDA:99,118,1,43
BRDA:104,237,0,39
BRDA:106,264,0,24
BRDA:106,264,1,15
BRDA:114,338,1,38
BRDA:114,338,0,15
BRDA:104,237,1,4
FN:86,System.Void CrossValidation.ModelValidator`1/<ValidateAsync>d__18::MoveNext()
FNDA:18,System.Void CrossValidation.ModelValidator`1/<ValidateAsync>d__18::MoveNext()
DA:87,18
DA:88,1
LF:51
LH:51
BRF:12
BRH:11
FNF:9
FNH:9
end_of_record
SF:/home/runner/work/CrossValidation/CrossValidation/src/CrossValidation/Validate.cs
FN:21,CrossValidation.Validations.IValidation`1<TField> CrossValidation.Validate`1::That(TField,CrossValidation.Errors.ICrossError,System.String,System.String,System.String,System.Nullable`1<System.Net.HttpStatusCode>,System.String)
FNDA:168,CrossValidation.Validations.IValidation`1<TField> CrossValidation.Validate`1::That(TField,CrossValidation.Errors.ICrossError,System.String,System.String,System.String,System.Nullable`1<System.Net.HttpStatusCode>,System.String)
DA:22,168
DA:23,181
DA:24,168
DA:25,168
DA:26,168
DA:27,168
DA:28,168
DA:29,168
DA:30,168
DA:31,168
DA:32,168
DA:33,168
DA:34,168
DA:35,168
FN:47,CrossValidation.Validations.IValidation`1<TField> CrossValidation.Validate`1::Field(TField,CrossValidation.Errors.ICrossError,System.String,System.String,System.String,System.Nullable`1<System.Net.HttpStatusCode>,System.String,System.String)
FNDA:38,CrossValidation.Validations.IValidation`1<TField> CrossValidation.Validate`1::Field(TField,CrossValidation.Errors.ICrossError,System.String,System.String,System.String,System.Nullable`1<System.Net.HttpStatusCode>,System.String,System.String)
DA:48,38
DA:49,70
DA:50,38
DA:51,38
DA:52,38
DA:53,38
DA:54,38
DA:55,38
DA:56,38
DA:57,38
DA:58,38
FN:62,System.Void CrossValidation.Validate`1::Must(System.Boolean,CrossValidation.Errors.ICrossError)
FNDA:1,System.Void CrossValidation.Validate`1::Must(System.Boolean,CrossValidation.Errors.ICrossError)
DA:63,1
DA:64,0
FN:72,System.Void CrossValidation.Validate`1::Must(System.Boolean,System.String,System.String,System.String,System.Nullable`1<System.Net.HttpStatusCode>)
FNDA:2,System.Void CrossValidation.Validate`1::Must(System.Boolean,System.String,System.String,System.String,System.Nullable`1<System.Net.HttpStatusCode>)
DA:73,2
DA:74,2
DA:75,2
DA:76,2
DA:77,2
DA:78,2
DA:79,0
FN:88,System.Void CrossValidation.Validate`1::InternalMust(System.Boolean,CrossValidation.Errors.ICrossError,System.String,System.String,System.String,System.Nullable`1<System.Net.HttpStatusCode>)
FNDA:3,System.Void CrossValidation.Validate`1::InternalMust(System.Boolean,CrossValidation.Errors.ICrossError,System.String,System.String,System.String,System.Nullable`1<System.Net.HttpStatusCode>)
DA:89,3
DA:91,3
DA:92,3
DA:93,3
DA:94,3
DA:95,3
DA:96,3
DA:97,3
DA:98,3
DA:100,3
DA:102,1
DA:105,3
DA:107,1
DA:110,3
DA:112,1
DA:115,3
DA:117,1
DA:120,3
DA:122,1
DA:125,6
DA:127,0
BRDA:89,1,0,3
BRDA:100,28,0,1
BRDA:100,28,1,3
BRDA:105,39,0,1
BRDA:105,39,1,3
BRDA:110,50,0,1
BRDA:110,50,1,3
BRDA:115,62,0,1
BRDA:115,62,1,3
BRDA:120,80,0,1
BRDA:120,80,1,3
BRDA:125,103,0,1
BRDA:125,103,1,3
BRDA:89,1,1,0
FN:138,CrossValidation.Validations.IValidation`1<TField> CrossValidation.Validate`1::Argument(TField,CrossValidation.Errors.ICrossError,System.String,System.String,System.String,System.Nullable`1<System.Net.HttpStatusCode>,System.String,System.String)
FNDA:7,CrossValidation.Validations.IValidation`1<TField> CrossValidation.Validate`1::Argument(TField,CrossValidation.Errors.ICrossError,System.String,System.String,System.String,System.Nullable`1<System.Net.HttpStatusCode>,System.String,System.String)
DA:139,7
DA:140,13
DA:141,7
DA:142,7
DA:143,7
DA:144,7
DA:145,7
DA:146,7
DA:147,7
DA:148,7
DA:149,7
DA:150,7
DA:151,7
BRDA:139,48,0,5
BRDA:139,48,1,2
FN:155,System.Void CrossValidation.Validate`1::ModelNullability(TModel)
FNDA:82,System.Void CrossValidation.Validate`1::ModelNullability(TModel)
DA:156,82
DA:157,79
LF:70
LH:67
BRF:16
BRH:15
FNF:7
FNH:7
end_of_record
SF:/home/runner/work/CrossValidation/CrossValidation/src/CrossValidation/ValidationContext.cs
FN:11,CrossValidation.IValidationOperation CrossValidation.ValidationContext::get_ValidationTree()
FNDA:1077,CrossValidation.IValidationOperation CrossValidation.ValidationContext::get_ValidationTree()
DA:12,1077
FN:12,System.Collections.Generic.List`1<CrossValidation.Errors.ICrossError> CrossValidation.ValidationContext::get_ErrorsCollected()
FNDA:855,System.Collections.Generic.List`1<CrossValidation.Errors.ICrossError> CrossValidation.ValidationContext::get_ErrorsCollected()
DA:13,855
FN:13,CrossValidation.ValidationMode CrossValidation.ValidationContext::get_ValidationMode()
FNDA:370,CrossValidation.ValidationMode CrossValidation.ValidationContext::get_ValidationMode()
DA:14,370
FN:14,System.Boolean CrossValidation.ValidationContext::get_IsChildContext()
FNDA:64,System.Boolean CrossValidation.ValidationContext::get_IsChildContext()
DA:15,64
FN:15,CrossValidation.Errors.ICrossError CrossValidation.ValidationContext::get_Error()
FNDA:1667,CrossValidation.Errors.ICrossError CrossValidation.ValidationContext::get_Error()
DA:16,1667
FN:16,System.String CrossValidation.ValidationContext::get_Message()
FNDA:1727,System.String CrossValidation.ValidationContext::get_Message()
DA:17,1727
FN:17,System.String CrossValidation.ValidationContext::get_Code()
FNDA:1735,System.String CrossValidation.ValidationContext::get_Code()
DA:18,1735
FN:18,System.String CrossValidation.ValidationContext::get_Details()
FNDA:1703,System.String CrossValidation.ValidationContext::get_Details()
DA:19,1703
FN:19,System.Nullable`1<System.Net.HttpStatusCode> CrossValidation.ValidationContext::get_HttpStatusCode()
FNDA:1700,System.Nullable`1<System.Net.HttpStatusCode> CrossValidation.ValidationContext::get_HttpStatusCode()
DA:20,1700
FN:20,System.String CrossValidation.ValidationContext::get_FieldDisplayName()
FNDA:1710,System.String CrossValidation.ValidationContext::get_FieldDisplayName()
DA:21,1710
FN:21,CrossValidation.Exceptions.ICrossErrorToException CrossValidation.ValidationContext::get_CrossErrorToException()
FNDA:24,CrossValidation.Exceptions.ICrossErrorToException CrossValidation.ValidationContext::get_CrossErrorToException()
DA:22,24
FN:25,CrossValidation.ValidationContext CrossValidation.ValidationContext::CloneForChildModelValidator()
FNDA:12,CrossValidation.ValidationContext CrossValidation.ValidationContext::CloneForChildModelValidator()
DA:26,12
DA:27,12
DA:28,12
DA:29,12
DA:30,12
DA:31,12
DA:32,12
LF:18
LH:18
BRF:0
BRH:0
FNF:12
FNH:12
end_of_record
SF:/home/runner/work/CrossValidation/CrossValidation/src/CrossValidation/ValidationOperation.cs
FN:61,System.Func`1<System.Object> CrossValidation.ValidationOperation::get_GetNonGenericFieldValue()
FNDA:1059,System.Func`1<System.Object> CrossValidation.ValidationOperation::get_GetNonGenericFieldValue()
DA:62,1059
FN:62,System.Func`1<CrossValidation.Validators.IValidator`1<CrossValidation.Errors.ICrossError>> CrossValidation.ValidationOperation::get_Validator()
FNDA:1156,System.Func`1<CrossValidation.Validators.IValidator`1<CrossValidation.Errors.ICrossError>> CrossValidation.ValidationOperation::get_Validator()
DA:63,1156
FN:63,System.Func`1<System.Threading.Tasks.Task`1<CrossValidation.Validators.IValidator`1<CrossValidation.Errors.ICrossError>>> CrossValidation.ValidationOperation::get_AsyncValidator()
FNDA:356,System.Func`1<System.Threading.Tasks.Task`1<CrossValidation.Validators.IValidator`1<CrossValidation.Errors.ICrossError>>> CrossValidation.ValidationOperation::get_AsyncValidator()
DA:64,356
FN:64,System.Action CrossValidation.ValidationOperation::get_Scope()
FNDA:530,System.Action CrossValidation.ValidationOperation::get_Scope()
DA:65,530
FN:65,System.String CrossValidation.ValidationOperation::get_Code()
FNDA:644,System.String CrossValidation.ValidationOperation::get_Code()
DA:66,644
FN:66,System.String CrossValidation.ValidationOperation::get_Message()
FNDA:451,System.String CrossValidation.ValidationOperation::get_Message()
DA:67,451
FN:67,System.String CrossValidation.ValidationOperation::get_Details()
FNDA:365,System.String CrossValidation.ValidationOperation::get_Details()
DA:68,365
FN:68,CrossValidation.Errors.ICrossError CrossValidation.ValidationOperation::get_Error()
FNDA:296,CrossValidation.Errors.ICrossError CrossValidation.ValidationOperation::get_Error()
DA:69,296
FN:69,System.String CrossValidation.ValidationOperation::get_FieldDisplayName()
FNDA:388,System.String CrossValidation.ValidationOperation::get_FieldDisplayName()
DA:70,388
FN:70,System.Nullable`1<System.Net.HttpStatusCode> CrossValidation.ValidationOperation::get_HttpStatusCode()
FNDA:365,System.Nullable`1<System.Net.HttpStatusCode> CrossValidation.ValidationOperation::get_HttpStatusCode()
DA:71,365
FN:71,System.Type CrossValidation.ValidationOperation::get_CrossErrorToException()
FNDA:1679,System.Type CrossValidation.ValidationOperation::get_CrossErrorToException()
DA:72,1679
FN:72,System.Func`1<System.Boolean> CrossValidation.ValidationOperation::get_Condition()
FNDA:628,System.Func`1<System.Boolean> CrossValidation.ValidationOperation::get_Condition()
DA:73,628
FN:73,System.Func`1<System.Threading.Tasks.Task`1<System.Boolean>> CrossValidation.ValidationOperation::get_AsyncCondition()
FNDA:501,System.Func`1<System.Threading.Tasks.Task`1<System.Boolean>> CrossValidation.ValidationOperation::get_AsyncCondition()
DA:74,501
FN:74,CrossValidation.IValidationOperation CrossValidation.ValidationOperation::get_NextValidation()
FNDA:1683,CrossValidation.IValidationOperation CrossValidation.ValidationOperation::get_NextValidation()
DA:75,1683
FN:75,System.Boolean CrossValidation.ValidationOperation::get_HasFailed()
FNDA:3613,System.Boolean CrossValidation.ValidationOperation::get_HasFailed()
DA:76,3613
FN:76,System.Boolean CrossValidation.ValidationOperation::get_HasBeenExecuted()
FNDA:384,System.Boolean CrossValidation.ValidationOperation::get_HasBeenExecuted()
DA:77,384
FN:77,System.Boolean CrossValidation.ValidationOperation::get_HasPendingAsyncValidation()
FNDA:2626,System.Boolean CrossValidation.ValidationOperation::get_HasPendingAsyncValidation()
DA:78,2626
FN:78,System.Boolean CrossValidation.ValidationOperation::get_IsScopeCreator()
FNDA:315,System.Boolean CrossValidation.ValidationOperation::get_IsScopeCreator()
DA:79,315
FN:79,System.Collections.Generic.List`1<CrossValidation.IValidationOperation> CrossValidation.ValidationOperation::get_ScopeValidations()
FNDA:1518,System.Collections.Generic.List`1<CrossValidation.IValidationOperation> CrossValidation.ValidationOperation::get_ScopeValidations()
DA:80,1518
FN:80,System.Nullable`1<System.Int32> CrossValidation.ValidationOperation::get_Index()
FNDA:1231,System.Nullable`1<System.Int32> CrossValidation.ValidationOperation::get_Index()
DA:81,1231
FN:81,System.Boolean CrossValidation.ValidationOperation::get_IsInsideScope()
FNDA:1263,System.Boolean CrossValidation.ValidationOperation::get_IsInsideScope()
DA:82,1263
FN:82,CrossValidation.IValidationOperation CrossValidation.ValidationOperation::get_ScopeCreatorValidation()
FNDA:1201,CrossValidation.IValidationOperation CrossValidation.ValidationOperation::get_ScopeCreatorValidation()
DA:83,1201
FN:83,System.Boolean CrossValidation.ValidationOperation::get_GeneralizeError()
FNDA:1756,System.Boolean CrossValidation.ValidationOperation::get_GeneralizeError()
DA:84,1756
FN:84,System.Nullable`1<CrossValidation.Validations.ScopeType> CrossValidation.ValidationOperation::get_ScopeType()
FNDA:2738,System.Nullable`1<CrossValidation.Validations.ScopeType> CrossValidation.ValidationOperation::get_ScopeType()
DA:85,2738
FN:85,System.String CrossValidation.ValidationOperation::get_ParentPath()
FNDA:1451,System.String CrossValidation.ValidationOperation::get_ParentPath()
DA:86,1451
FN:86,System.String CrossValidation.ValidationOperation::get_FieldPath()
FNDA:1570,System.String CrossValidation.ValidationOperation::get_FieldPath()
DA:87,1570
FN:87,System.String CrossValidation.ValidationOperation::get_FieldName()
FNDA:579,System.String CrossValidation.ValidationOperation::get_FieldName()
DA:88,579
FN:140,System.Void CrossValidation.ValidationOperation::MarkAllDescendantValidationsAsNotPendingAsync()
FNDA:688,System.Void CrossValidation.ValidationOperation::MarkAllDescendantValidationsAsNotPendingAsync()
DA:141,688
DA:143,688
DA:145,510
DA:147,151
DA:151,688
DA:153,473
DA:155,688
BRDA:143,13,0,104
BRDA:145,48,1,151
BRDA:145,48,0,104
BRDA:143,13,1,688
BRDA:151,72,0,473
BRDA:151,72,1,688
FN:217,System.Void CrossValidation.ValidationOperation::HandleError(CrossValidation.Errors.ICrossError,CrossValidation.ValidationContext)
FNDA:198,System.Void CrossValidation.ValidationOperation::HandleError(CrossValidation.Errors.ICrossError,CrossValidation.ValidationContext)
DA:218,198
DA:219,198
DA:221,198
DA:223,136
DA:225,136
DA:228,62
BRDA:218,7,0,195
BRDA:218,17,0,171
BRDA:218,7,1,198
BRDA:218,17,1,198
BRDA:221,31,0,198
BRDA:221,39,0,136
BRDA:223,53,0,136
BRDA:221,31,1,62
BRDA:221,39,1,62
BRDA:223,53,1,62
FN:231,System.Void CrossValidation.ValidationOperation::TakeCustomizationsFromInstanceError(CrossValidation.Errors.ICrossError,CrossValidation.ValidationContext)
FNDA:12,System.Void CrossValidation.ValidationOperation::TakeCustomizationsFromInstanceError(CrossValidation.Errors.ICrossError,CrossValidation.ValidationContext)
DA:232,12
DA:234,1
DA:237,11
DA:238,11
DA:240,11
DA:242,3
DA:246,8
DA:249,11
DA:250,11
BRDA:232,6,0,1
BRDA:232,6,1,11
BRDA:237,16,0,7
BRDA:237,16,1,11
BRDA:238,32,0,4
BRDA:238,32,1,7
BRDA:240,46,0,3
BRDA:240,49,0,3
BRDA:240,46,1,8
BRDA:240,49,1,8
BRDA:246,71,0,5
BRDA:246,71,1,11
FN:253,System.Void CrossValidation.ValidationOperation::TakeCustomizationsFromError(CrossValidation.Errors.ICrossError,CrossValidation.ValidationContext)
FNDA:40,System.Void CrossValidation.ValidationOperation::TakeCustomizationsFromError(CrossValidation.Errors.ICrossError,CrossValidation.ValidationContext)
DA:254,40
DA:255,40
DA:256,40
DA:257,40
DA:258,40
DA:259,40
BRDA:254,8,0,37
BRDA:254,18,0,27
BRDA:254,8,1,40
BRDA:254,18,1,40
BRDA:255,40,0,37
BRDA:255,50,0,31
BRDA:255,40,1,40
BRDA:255,50,1,40
BRDA:256,72,0,37
BRDA:256,82,0,33
BRDA:256,72,1,40
BRDA:256,82,1,40
BRDA:257,111,0,37
BRDA:257,127,0,36
BRDA:257,127,1,1
BRDA:257,111,1,3
BRDA:258,154,0,37
BRDA:258,164,0,37
BRDA:258,154,1,40
BRDA:258,164,1,40
FN:262,System.Void CrossValidation.ValidationOperation::MarkAsPendingAsyncValidation()
FNDA:157,System.Void CrossValidation.ValidationOperation::MarkAsPendingAsyncValidation()
DA:263,157
DA:265,157
DA:267,95
DA:269,157
BRDA:265,13,0,95
BRDA:265,13,1,157
FN:272,System.Void CrossValidation.ValidationOperation::MarkAsFailed()
FNDA:184,System.Void CrossValidation.ValidationOperation::MarkAsFailed()
DA:273,184
DA:275,184
DA:277,122
DA:279,184
BRDA:275,13,0,122
BRDA:275,13,1,184
FN:282,System.Void CrossValidation.ValidationOperation::AddError(CrossValidation.Errors.ICrossError,CrossValidation.ValidationContext)
FNDA:198,System.Void CrossValidation.ValidationOperation::AddError(CrossValidation.Errors.ICrossError,CrossValidation.ValidationContext)
DA:283,198
DA:284,198
DA:285,198
FN:288,System.Void CrossValidation.ValidationOperation::AddCustomizationsToError(CrossValidation.Errors.ICrossError,CrossValidation.ValidationContext)
FNDA:198,System.Void CrossValidation.ValidationOperation::AddCustomizationsToError(CrossValidation.Errors.ICrossError,CrossValidation.ValidationContext)
DA:289,198
DA:290,198
DA:291,198
DA:292,198
DA:293,198
DA:294,198
DA:295,198
DA:296,198
DA:297,198
BRDA:295,86,0,195
BRDA:295,96,0,174
BRDA:295,86,1,198
BRDA:295,96,1,198
BRDA:296,125,0,195
BRDA:296,141,0,177
BRDA:296,141,1,18
BRDA:296,125,1,3
FN:300,System.String CrossValidation.ValidationOperation::GetCodeToFill(CrossValidation.Errors.ICrossError,CrossValidation.ValidationContext)
FNDA:198,System.String CrossValidation.ValidationOperation::GetCodeToFill(CrossValidation.Errors.ICrossError,CrossValidation.ValidationContext)
DA:301,198
DA:303,3
DA:306,195
DA:308,49
DA:311,146
DA:313,53
DA:316,93
BRDA:301,6,0,3
BRDA:301,6,1,195
BRDA:306,21,0,49
BRDA:306,21,1,146
BRDA:311,36,0,53
BRDA:311,36,1,93
FN:320,System.String CrossValidation.ValidationOperation::GetMessageToFill(CrossValidation.Errors.ICrossError,CrossValidation.ValidationContext)
FNDA:198,System.String CrossValidation.ValidationOperation::GetMessageToFill(CrossValidation.Errors.ICrossError,CrossValidation.ValidationContext)
DA:321,198
DA:323,3
DA:326,195
DA:328,47
DA:331,148
DA:333,26
DA:336,122
DA:338,38
DA:341,84
DA:343,83
DA:346,1
DA:348,0
DA:351,1
BRDA:321,6,0,3
BRDA:321,6,1,195
BRDA:326,21,0,47
BRDA:326,21,1,148
BRDA:331,36,0,26
BRDA:331,36,1,122
BRDA:336,56,0,38
BRDA:336,56,1,84
BRDA:341,75,0,83
BRDA:341,75,1,1
BRDA:346,90,0,0
BRDA:346,90,1,1
FN:355,System.String CrossValidation.ValidationOperation::GetFieldDisplayNameToFill(CrossValidation.Errors.ICrossError,CrossValidation.ValidationContext)
FNDA:198,System.String CrossValidation.ValidationOperation::GetFieldDisplayNameToFill(CrossValidation.Errors.ICrossError,CrossValidation.ValidationContext)
DA:356,198
DA:358,3
DA:361,195
DA:363,15
DA:366,180
DA:368,5
DA:371,175
DA:373,104
DA:376,71
BRDA:356,6,0,3
BRDA:356,6,1,195
BRDA:361,21,0,15
BRDA:361,21,1,180
BRDA:366,36,0,5
BRDA:366,36,1,175
BRDA:371,51,0,104
BRDA:371,51,1,71
FN:93,System.Boolean CrossValidation.ValidationOperation::<TraverseAsync>g__StopExecution|108_0(CrossValidation.ValidationOperation/<>c__DisplayClass108_0&)
FNDA:232,System.Boolean CrossValidation.ValidationOperation::<TraverseAsync>g__StopExecution|108_0(CrossValidation.ValidationOperation/<>c__DisplayClass108_0&)
DA:94,232
DA:95,232
DA:96,232
DA:97,232
DA:98,232
DA:99,232
BRDA:94,14,0,216
BRDA:94,30,0,216
BRDA:94,30,1,0
BRDA:94,14,1,16
BRDA:95,63,0,216
BRDA:95,79,0,216
BRDA:95,89,0,51
BRDA:95,63,1,181
BRDA:95,79,1,181
BRDA:95,89,1,181
BRDA:96,126,0,216
BRDA:96,142,0,216
BRDA:96,142,1,0
BRDA:96,126,1,16
BRDA:97,167,0,27
BRDA:97,182,0,10
BRDA:97,167,1,222
BRDA:97,182,1,222
FN:158,System.Void CrossValidation.ValidationOperation/<ExecuteAsync>d__110::MoveNext()
FNDA:538,System.Void CrossValidation.ValidationOperation/<ExecuteAsync>d__110::MoveNext()
DA:159,538
DA:161,42
DA:163,7
DA:166,496
DA:168,2
DA:170,0
DA:173,2
DA:175,1
DA:179,530
DA:181,290
DA:183,288
DA:185,122
DA:188,166
DA:189,51
DA:191,240
DA:193,54
DA:195,0
DA:198,54
DA:200,54
DA:202,34
DA:205,20
DA:206,11
DA:208,186
DA:210,166
DA:213,196
DA:214,360
BRDA:159,30,0,42
BRDA:161,43,0,7
BRDA:159,30,1,496
BRDA:166,59,0,2
BRDA:168,67,0,0
BRDA:168,67,1,2
BRDA:173,176,0,1
BRDA:161,43,1,530
BRDA:166,59,1,530
BRDA:173,176,1,530
BRDA:179,189,0,290
BRDA:183,209,0,122
BRDA:183,209,1,166
BRDA:179,189,1,240
BRDA:191,246,0,54
BRDA:193,257,0,0
BRDA:193,257,1,54
BRDA:200,378,0,34
BRDA:200,378,1,20
BRDA:191,246,1,186
BRDA:208,410,0,166
BRDA:208,410,1,196
FN:100,System.Void CrossValidation.ValidationOperation/<TraverseAsync>d__108::MoveNext()
FNDA:165,System.Void CrossValidation.ValidationOperation/<TraverseAsync>d__108::MoveNext()
DA:101,165
DA:103,7
DA:106,158
DA:108,121
DA:110,104
DA:112,19
DA:116,122
DA:118,204
DA:122,67
DA:127,64
DA:128,64
DA:129,48
DA:130,45
DA:133,106
DA:135,69
DA:137,109
BRDA:101,78,0,7
BRDA:101,78,1,158
BRDA:106,91,0,121
BRDA:110,205,0,19
BRDA:106,91,1,122
BRDA:110,205,1,122
BRDA:116,218,0,50
BRDA:116,229,0,49
BRDA:118,445,1,61
BRDA:129,422,1,67
BRDA:122,290,0,64
BRDA:122,290,1,45
BRDA:129,422,0,45
BRDA:118,445,0,33
BRDA:116,218,1,106
BRDA:116,229,1,106
BRDA:133,492,0,77
BRDA:133,500,0,69
BRDA:133,492,1,83
BRDA:133,500,1,83
LF:152
LH:149
BRF:146
BRH:141
FNF:41
FNH:41
end_of_record
SF:/home/runner/work/CrossValidation/CrossValidation/src/CrossValidation/Validators/BooleanPredicateValidator.cs
FN:4,System.Func`1<System.Boolean> CrossValidation.Validators.BooleanPredicateValidator::get_Predicate()
FNDA:405,System.Func`1<System.Boolean> CrossValidation.Validators.BooleanPredicateValidator::get_Predicate()
DA:5,405
FN:8,System.Boolean CrossValidation.Validators.BooleanPredicateValidator::IsValid()
FNDA:135,System.Boolean CrossValidation.Validators.BooleanPredicateValidator::IsValid()
DA:9,135
FN:13,CrossValidation.Errors.ICrossError CrossValidation.Validators.BooleanPredicateValidator::CreateError()
FNDA:65,CrossValidation.Errors.ICrossError CrossValidation.Validators.BooleanPredicateValidator::CreateError()
DA:14,65
FN:5,System.Void CrossValidation.Validators.BooleanPredicateValidator::.ctor(System.Func`1<System.Boolean>)
FNDA:135,System.Void CrossValidation.Validators.BooleanPredicateValidator::.ctor(System.Func`1<System.Boolean>)
DA:6,135
DA:7,135
DA:8,135
DA:10,135
DA:11,135
DA:12,135
DA:13,135
DA:15,135
DA:16,135
LF:12
LH:12
BRF:0
BRH:0
FNF:4
FNH:4
end_of_record
SF:/home/runner/work/CrossValidation/CrossValidation/src/CrossValidation/Validators/EmptyCollectionValidator.cs
FN:4,System.Collections.Generic.IEnumerable`1<TField> CrossValidation.Validators.EmptyCollectionValidator`1::get_FieldValue()
FNDA:6,System.Collections.Generic.IEnumerable`1<TField> CrossValidation.Validators.EmptyCollectionValidator`1::get_FieldValue()
DA:5,6
FN:8,System.Boolean CrossValidation.Validators.EmptyCollectionValidator`1::IsValid()
FNDA:2,System.Boolean CrossValidation.Validators.EmptyCollectionValidator`1::IsValid()
DA:9,2
FN:13,CrossValidation.Errors.ICrossError CrossValidation.Validators.EmptyCollectionValidator`1::CreateError()
FNDA:1,CrossValidation.Errors.ICrossError CrossValidation.Validators.EmptyCollectionValidator`1::CreateError()
DA:14,1
FN:5,System.Void CrossValidation.Validators.EmptyCollectionValidator`1::.ctor(System.Collections.Generic.IEnumerable`1<TField>)
FNDA:2,System.Void CrossValidation.Validators.EmptyCollectionValidator`1::.ctor(System.Collections.Generic.IEnumerable`1<TField>)
DA:6,2
DA:7,2
DA:8,2
DA:10,2
DA:11,2
DA:12,2
DA:13,2
DA:15,2
DA:16,2
LF:12
LH:12
BRF:0
BRH:0
FNF:4
FNH:4
end_of_record
SF:/home/runner/work/CrossValidation/CrossValidation/src/CrossValidation/Validators/EmptyStringValidator.cs
FN:4,System.String CrossValidation.Validators.EmptyStringValidator::get_FieldValue()
FNDA:6,System.String CrossValidation.Validators.EmptyStringValidator::get_FieldValue()
DA:5,6
FN:8,System.Boolean CrossValidation.Validators.EmptyStringValidator::IsValid()
FNDA:2,System.Boolean CrossValidation.Validators.EmptyStringValidator::IsValid()
DA:9,2
FN:13,CrossValidation.Errors.ICrossError CrossValidation.Validators.EmptyStringValidator::CreateError()
FNDA:1,CrossValidation.Errors.ICrossError CrossValidation.Validators.EmptyStringValidator::CreateError()
DA:14,1
FN:5,System.Void CrossValidation.Validators.EmptyStringValidator::.ctor(System.String)
FNDA:2,System.Void CrossValidation.Validators.EmptyStringValidator::.ctor(System.String)
DA:6,2
DA:7,2
DA:8,2
DA:10,2
DA:11,2
DA:12,2
DA:13,2
DA:15,2
DA:16,2
LF:12
LH:12
BRF:0
BRH:0
FNF:4
FNH:4
end_of_record
SF:/home/runner/work/CrossValidation/CrossValidation/src/CrossValidation/Validators/EnumRangeValidator.cs
FN:6,TField CrossValidation.Validators.EnumRangeValidator`2::get_FieldValue()
FNDA:25,TField CrossValidation.Validators.EnumRangeValidator`2::get_FieldValue()
DA:7,25
FN:7,TEnum[] CrossValidation.Validators.EnumRangeValidator`2::get_allowedValues()
FNDA:11,TEnum[] CrossValidation.Validators.EnumRangeValidator`2::get_allowedValues()
DA:8,11
FN:13,System.Boolean CrossValidation.Validators.EnumRangeValidator`2::IsValid()
FNDA:7,System.Boolean CrossValidation.Validators.EnumRangeValidator`2::IsValid()
DA:14,7
DA:16,3
DA:21,4
DA:23,2
DA:25,2
DA:27,1
DA:29,1
DA:31,1
DA:35,0
DA:38,19
DA:40,7
DA:42,3
DA:46,1
BRDA:14,26,0,3
BRDA:14,26,1,4
BRDA:21,46,0,2
BRDA:21,46,1,2
BRDA:25,83,0,1
BRDA:25,83,1,1
BRDA:29,120,0,1
BRDA:29,120,1,0
BRDA:38,218,1,7
BRDA:40,206,0,3
BRDA:40,206,1,4
BRDA:38,218,0,1
FN:50,CrossValidation.Errors.ICrossError CrossValidation.Validators.EnumRangeValidator`2::CreateError()
FNDA:4,CrossValidation.Errors.ICrossError CrossValidation.Validators.EnumRangeValidator`2::CreateError()
DA:51,4
FN:5,System.Void CrossValidation.Validators.EnumRangeValidator`2::.ctor(TField,TEnum[])
FNDA:7,System.Void CrossValidation.Validators.EnumRangeValidator`2::.ctor(TField,TEnum[])
DA:6,7
DA:9,7
DA:10,7
DA:11,7
DA:12,7
DA:13,7
DA:15,7
DA:17,7
DA:18,7
DA:19,7
DA:20,7
DA:22,7
DA:24,7
DA:26,7
DA:28,7
DA:30,7
DA:32,7
DA:33,7
DA:34,7
DA:36,7
DA:37,7
DA:39,7
DA:41,7
DA:43,7
DA:44,7
DA:45,7
DA:47,7
DA:48,7
DA:49,7
DA:50,7
DA:52,7
DA:53,7
LF:48
LH:47
BRF:12
BRH:11
FNF:5
FNH:5
end_of_record
SF:/home/runner/work/CrossValidation/CrossValidation/src/CrossValidation/Validators/EnumValidator.cs
FN:5,TField CrossValidation.Validators.EnumValidator`1::get_FieldValue()
FNDA:14,TField CrossValidation.Validators.EnumValidator`1::get_FieldValue()
DA:6,14
FN:6,System.Type CrossValidation.Validators.EnumValidator`1::get_EnumType()
FNDA:14,System.Type CrossValidation.Validators.EnumValidator`1::get_EnumType()
DA:7,14
FN:10,System.Boolean CrossValidation.Validators.EnumValidator`1::IsValid()
FNDA:7,System.Boolean CrossValidation.Validators.EnumValidator`1::IsValid()
DA:11,7
FN:15,CrossValidation.Errors.ICrossError CrossValidation.Validators.EnumValidator`1::CreateError()
FNDA:3,CrossValidation.Errors.ICrossError CrossValidation.Validators.EnumValidator`1::CreateError()
DA:16,3
FN:4,System.Void CrossValidation.Validators.EnumValidator`1::.ctor(TField,System.Type)
FNDA:7,System.Void CrossValidation.Validators.EnumValidator`1::.ctor(TField,System.Type)
DA:5,7
DA:8,7
DA:9,7
DA:10,7
DA:12,7
DA:13,7
DA:14,7
DA:15,7
DA:17,7
DA:18,7
LF:14
LH:14
BRF:0
BRH:0
FNF:5
FNH:5
end_of_record
SF:/home/runner/work/CrossValidation/CrossValidation/src/CrossValidation/Validators/ErrorPredicateValidator.cs
FN:4,System.Func`1<CrossValidation.Errors.ICrossError> CrossValidation.Validators.ErrorPredicateValidator::get_Predicate()
FNDA:18,System.Func`1<CrossValidation.Errors.ICrossError> CrossValidation.Validators.ErrorPredicateValidator::get_Predicate()
DA:5,18
FN:10,System.Boolean CrossValidation.Validators.ErrorPredicateValidator::IsValid()
FNDA:6,System.Boolean CrossValidation.Validators.ErrorPredicateValidator::IsValid()
DA:11,6
DA:12,6
FN:16,CrossValidation.Errors.ICrossError CrossValidation.Validators.ErrorPredicateValidator::CreateError()
FNDA:4,CrossValidation.Errors.ICrossError CrossValidation.Validators.ErrorPredicateValidator::CreateError()
DA:17,4
FN:5,System.Void CrossValidation.Validators.ErrorPredicateValidator::.ctor(System.Func`1<CrossValidation.Errors.ICrossError>)
FNDA:6,System.Void CrossValidation.Validators.ErrorPredicateValidator::.ctor(System.Func`1<CrossValidation.Errors.ICrossError>)
DA:6,6
DA:7,6
DA:8,6
DA:9,6
DA:10,6
DA:13,6
DA:14,6
DA:15,6
DA:16,6
DA:18,6
DA:19,6
LF:15
LH:15
BRF:0
BRH:0
FNF:4
FNH:4
end_of_record
SF:/home/runner/work/CrossValidation/CrossValidation/src/CrossValidation/Validators/GreaterThanValidator.cs
FN:6,TField CrossValidation.Validators.GreaterThanValidator`1::get_FieldValue()
FNDA:226,TField CrossValidation.Validators.GreaterThanValidator`1::get_FieldValue()
DA:7,226
FN:7,TField CrossValidation.Validators.GreaterThanValidator`1::get_ComparisonValue()
FNDA:284,TField CrossValidation.Validators.GreaterThanValidator`1::get_ComparisonValue()
DA:8,284
FN:12,System.Boolean CrossValidation.Validators.GreaterThanValidator`1::IsValid()
FNDA:113,System.Boolean CrossValidation.Validators.GreaterThanValidator`1::IsValid()
DA:13,113
FN:17,CrossValidation.Errors.ICrossError CrossValidation.Validators.GreaterThanValidator`1::CreateError()
FNDA:58,CrossValidation.Errors.ICrossError CrossValidation.Validators.GreaterThanValidator`1::CreateError()
DA:18,58
FN:5,System.Void CrossValidation.Validators.GreaterThanValidator`1::.ctor(TField,TField)
FNDA:113,System.Void CrossValidation.Validators.GreaterThanValidator`1::.ctor(TField,TField)
DA:6,113
DA:9,113
DA:10,113
DA:11,113
DA:12,113
DA:14,113
DA:15,113
DA:16,113
DA:17,113
DA:19,113
DA:20,113
LF:15
LH:15
BRF:0
BRH:0
FNF:5
FNH:5
end_of_record
SF:/home/runner/work/CrossValidation/CrossValidation/src/CrossValidation/Validators/NotEmptyCollectionValidator.cs
FN:4,System.Collections.Generic.IEnumerable`1<TField> CrossValidation.Validators.NotEmptyCollectionValidator`1::get_FieldValue()
FNDA:6,System.Collections.Generic.IEnumerable`1<TField> CrossValidation.Validators.NotEmptyCollectionValidator`1::get_FieldValue()
DA:5,6
FN:8,System.Boolean CrossValidation.Validators.NotEmptyCollectionValidator`1::IsValid()
FNDA:2,System.Boolean CrossValidation.Validators.NotEmptyCollectionValidator`1::IsValid()
DA:9,2
FN:13,CrossValidation.Errors.ICrossError CrossValidation.Validators.NotEmptyCollectionValidator`1::CreateError()
FNDA:1,CrossValidation.Errors.ICrossError CrossValidation.Validators.NotEmptyCollectionValidator`1::CreateError()
DA:14,1
FN:5,System.Void CrossValidation.Validators.NotEmptyCollectionValidator`1::.ctor(System.Collections.Generic.IEnumerable`1<TField>)
FNDA:2,System.Void CrossValidation.Validators.NotEmptyCollectionValidator`1::.ctor(System.Collections.Generic.IEnumerable`1<TField>)
DA:6,2
DA:7,2
DA:8,2
DA:10,2
DA:11,2
DA:12,2
DA:13,2
DA:15,2
DA:16,2
LF:12
LH:12
BRF:0
BRH:0
FNF:4
FNH:4
end_of_record
SF:/home/runner/work/CrossValidation/CrossValidation/src/CrossValidation/Validators/NotEmptyStringValidator.cs
FN:4,System.String CrossValidation.Validators.NotEmptyStringValidator::get_FieldValue()
FNDA:6,System.String CrossValidation.Validators.NotEmptyStringValidator::get_FieldValue()
DA:5,6
FN:8,System.Boolean CrossValidation.Validators.NotEmptyStringValidator::IsValid()
FNDA:2,System.Boolean CrossValidation.Validators.NotEmptyStringValidator::IsValid()
DA:9,2
FN:13,CrossValidation.Errors.ICrossError CrossValidation.Validators.NotEmptyStringValidator::CreateError()
FNDA:1,CrossValidation.Errors.ICrossError CrossValidation.Validators.NotEmptyStringValidator::CreateError()
DA:14,1
FN:5,System.Void CrossValidation.Validators.NotEmptyStringValidator::.ctor(System.String)
FNDA:2,System.Void CrossValidation.Validators.NotEmptyStringValidator::.ctor(System.String)
DA:6,2
DA:7,2
DA:8,2
DA:10,2
DA:11,2
DA:12,2
DA:13,2
DA:15,2
DA:16,2
LF:12
LH:12
BRF:0
BRH:0
FNF:4
FNH:4
end_of_record
SF:/home/runner/work/CrossValidation/CrossValidation/src/CrossValidation/Validators/NotNullValidator.cs
FN:4,TField CrossValidation.Validators.NotNullValidator`1::get_FieldValue()
FNDA:183,TField CrossValidation.Validators.NotNullValidator`1::get_FieldValue()
DA:5,183
FN:8,System.Boolean CrossValidation.Validators.NotNullValidator`1::IsValid()
FNDA:61,System.Boolean CrossValidation.Validators.NotNullValidator`1::IsValid()
DA:9,61
FN:13,CrossValidation.Errors.ICrossError CrossValidation.Validators.NotNullValidator`1::CreateError()
FNDA:36,CrossValidation.Errors.ICrossError CrossValidation.Validators.NotNullValidator`1::CreateError()
DA:14,36
FN:5,System.Void CrossValidation.Validators.NotNullValidator`1::.ctor(TField)
FNDA:61,System.Void CrossValidation.Validators.NotNullValidator`1::.ctor(TField)
DA:6,61
DA:7,61
DA:8,61
DA:10,61
DA:11,61
DA:12,61
DA:13,61
DA:15,61
DA:16,61
LF:12
LH:12
BRF:0
BRH:0
FNF:4
FNH:4
end_of_record
SF:/home/runner/work/CrossValidation/CrossValidation/src/CrossValidation/Validators/NullValidator.cs
FN:4,TField CrossValidation.Validators.NullValidator`1::get_FieldValue()
FNDA:39,TField CrossValidation.Validators.NullValidator`1::get_FieldValue()
DA:5,39
FN:8,System.Boolean CrossValidation.Validators.NullValidator`1::IsValid()
FNDA:13,System.Boolean CrossValidation.Validators.NullValidator`1::IsValid()
DA:9,13
FN:13,CrossValidation.Errors.ICrossError CrossValidation.Validators.NullValidator`1::CreateError()
FNDA:8,CrossValidation.Errors.ICrossError CrossValidation.Validators.NullValidator`1::CreateError()
DA:14,8
FN:5,System.Void CrossValidation.Validators.NullValidator`1::.ctor(TField)
FNDA:13,System.Void CrossValidation.Validators.NullValidator`1::.ctor(TField)
DA:6,13
DA:7,13
DA:8,13
DA:10,13
DA:11,13
DA:12,13
DA:13,13
DA:15,13
DA:16,13
LF:12
LH:12
BRF:0
BRH:0
FNF:4
FNH:4
end_of_record
SF:/home/runner/work/CrossValidation/CrossValidation/src/CrossValidation/Validators/RegexValidator.cs
FN:5,System.String CrossValidation.Validators.RegularExpressionValidator::get_FieldValue()
FNDA:10,System.String CrossValidation.Validators.RegularExpressionValidator::get_FieldValue()
DA:6,10
FN:9,System.Boolean CrossValidation.Validators.RegularExpressionValidator::IsValid()
FNDA:2,System.Boolean CrossValidation.Validators.RegularExpressionValidator::IsValid()
DA:10,2
FN:14,CrossValidation.Errors.ICrossError CrossValidation.Validators.RegularExpressionValidator::CreateError()
FNDA:1,CrossValidation.Errors.ICrossError CrossValidation.Validators.RegularExpressionValidator::CreateError()
DA:15,1
FN:6,System.Void CrossValidation.Validators.RegularExpressionValidator::.ctor(System.String,System.String)
FNDA:2,System.Void CrossValidation.Validators.RegularExpressionValidator::.ctor(System.String,System.String)
DA:7,2
DA:8,2
DA:9,2
DA:11,2
DA:12,2
DA:13,2
DA:14,2
DA:16,2
DA:17,2
LF:12
LH:12
BRF:0
BRH:0
FNF:4
FNH:4
end_of_record
SF:/home/runner/work/CrossValidation/CrossValidation/src/CrossValidation/Validators/Validator.cs
FN:22,TValidationError CrossValidation.Validators.Validator`1::GetError()
FNDA:344,TValidationError CrossValidation.Validators.Validator`1::GetError()
DA:23,344
BRDA:23,6,0,156
BRDA:23,6,1,186
LF:1
LH:1
BRF:2
BRH:2
FNF:1
FNH:1
end_of_record
SF:/home/runner/work/CrossValidation/CrossValidation/src/CrossValidation/Validators/LengthValidators/LengthRangeValidator.cs
FN:4,System.String CrossValidation.Validators.LengthValidators.LengthRangeValidator::get_FieldValue()
FNDA:40,System.String CrossValidation.Validators.LengthValidators.LengthRangeValidator::get_FieldValue()
DA:5,40
FN:8,System.Boolean CrossValidation.Validators.LengthValidators.LengthRangeValidator::IsValid()
FNDA:5,System.Boolean CrossValidation.Validators.LengthValidators.LengthRangeValidator::IsValid()
DA:9,5
DA:10,5
BRDA:9,17,0,2
BRDA:9,17,1,3
FN:14,CrossValidation.Errors.ILengthError CrossValidation.Validators.LengthValidators.LengthRangeValidator::CreateError()
FNDA:2,CrossValidation.Errors.ILengthError CrossValidation.Validators.LengthValidators.LengthRangeValidator::CreateError()
DA:15,2
FN:5,System.Void CrossValidation.Validators.LengthValidators.LengthRangeValidator::.ctor(System.String,System.Int32,System.Int32)
FNDA:5,System.Void CrossValidation.Validators.LengthValidators.LengthRangeValidator::.ctor(System.String,System.Int32,System.Int32)
DA:6,5
DA:7,5
DA:8,5
DA:11,5
DA:12,5
DA:13,5
DA:14,5
DA:16,5
DA:17,5
LF:13
LH:13
BRF:2
BRH:2
FNF:4
FNH:4
end_of_record
SF:/home/runner/work/CrossValidation/CrossValidation/src/CrossValidation/Validators/LengthValidators/LengthValidatorBase.cs
FN:8,System.Int32 CrossValidation.Validators.LengthValidators.LengthValidatorBase::GetTotalLength(System.String)
FNDA:3,System.Int32 CrossValidation.Validators.LengthValidators.LengthValidatorBase::GetTotalLength(System.String)
DA:9,3
LF:1
LH:1
BRF:0
BRH:0
FNF:1
FNH:1
end_of_record
SF:/home/runner/work/CrossValidation/CrossValidation/src/CrossValidation/Validators/LengthValidators/MinimumLengthValidator.cs
FN:4,System.String CrossValidation.Validators.LengthValidators.MinimumLengthValidator::get_FieldValue()
FNDA:17,System.String CrossValidation.Validators.LengthValidators.MinimumLengthValidator::get_FieldValue()
DA:5,17
FN:8,System.Boolean CrossValidation.Validators.LengthValidators.MinimumLengthValidator::IsValid()
FNDA:3,System.Boolean CrossValidation.Validators.LengthValidators.MinimumLengthValidator::IsValid()
DA:9,3
FN:13,CrossValidation.Errors.ILengthError CrossValidation.Validators.LengthValidators.MinimumLengthValidator::CreateError()
FNDA:1,CrossValidation.Errors.ILengthError CrossValidation.Validators.LengthValidators.MinimumLengthValidator::CreateError()
DA:14,1
FN:5,System.Void CrossValidation.Validators.LengthValidators.MinimumLengthValidator::.ctor(System.String,System.Int32)
FNDA:3,System.Void CrossValidation.Validators.LengthValidators.MinimumLengthValidator::.ctor(System.String,System.Int32)
DA:6,3
DA:7,3
DA:8,3
DA:10,3
DA:11,3
DA:12,3
DA:13,3
DA:15,3
DA:16,3
LF:12
LH:12
BRF:0
BRH:0
FNF:4
FNH:4
end_of_record
SF:/home/runner/work/CrossValidation/CrossValidation/src/CrossValidation/Validations/Validation.cs
FN:85,CrossValidation.Validations.IValidation`1<TField> CrossValidation.Validations.IValidation`1::CreateFromFieldName(System.Func`1<TField>,System.Type,System.String,CrossValidation.ValidationContext,CrossValidation.Errors.ICrossError,System.String,System.String,System.String,System.Nullable`1<System.Net.HttpStatusCode>,System.String)
FNDA:45,CrossValidation.Validations.IValidation`1<TField> CrossValidation.Validations.IValidation`1::CreateFromFieldName(System.Func`1<TField>,System.Type,System.String,CrossValidation.ValidationContext,CrossValidation.Errors.ICrossError,System.String,System.String,System.String,System.Nullable`1<System.Net.HttpStatusCode>,System.String)
DA:86,45
DA:87,45
DA:88,45
DA:89,45
DA:90,45
DA:91,45
DA:92,45
DA:93,45
DA:94,45
DA:95,45
DA:96,45
DA:97,45
DA:98,45
DA:99,45
DA:100,45
DA:101,45
DA:102,45
BRDA:86,8,0,8
BRDA:86,8,1,37
FN:106,CrossValidation.Validations.IValidation`1<TField> CrossValidation.Validations.IValidation`1::CreateFailed()
FNDA:129,CrossValidation.Validations.IValidation`1<TField> CrossValidation.Validations.IValidation`1::CreateFailed()
DA:107,129
DA:108,129
DA:109,129
DA:110,129
FN:119,CrossValidation.Validations.IValidation`1<TField> CrossValidation.Validations.Validation`1::SetValidator(System.Func`1<CrossValidation.Validators.IValidator`1<CrossValidation.Errors.ICrossError>>)
FNDA:348,CrossValidation.Validations.IValidation`1<TField> CrossValidation.Validations.Validation`1::SetValidator(System.Func`1<CrossValidation.Validators.IValidator`1<CrossValidation.Errors.ICrossError>>)
DA:120,348
DA:122,12
DA:125,336
DA:127,336
DA:129,268
DA:130,268
DA:131,268
DA:134,225
BRDA:120,6,0,12
BRDA:120,6,1,336
BRDA:127,27,0,268
BRDA:127,27,1,225
FN:138,CrossValidation.Validations.IValidation`1<TField> CrossValidation.Validations.Validation`1::SetAsyncValidator(System.Func`1<System.Threading.Tasks.Task`1<CrossValidation.Validators.IValidator`1<CrossValidation.Errors.ICrossError>>>)
FNDA:62,CrossValidation.Validations.IValidation`1<TField> CrossValidation.Validations.Validation`1::SetAsyncValidator(System.Func`1<System.Threading.Tasks.Task`1<CrossValidation.Validators.IValidator`1<CrossValidation.Errors.ICrossError>>>)
DA:139,62
DA:141,0
DA:144,62
DA:145,62
DA:146,62
BRDA:139,6,0,0
BRDA:139,6,1,62
FN:150,CrossValidation.Validations.IValidation`1<TField> CrossValidation.Validations.Validation`1::SetScope(System.Action,CrossValidation.Validations.ScopeType)
FNDA:178,CrossValidation.Validations.IValidation`1<TField> CrossValidation.Validations.Validation`1::SetScope(System.Action,CrossValidation.Validations.ScopeType)
DA:151,178
DA:153,0
DA:156,178
DA:157,178
DA:159,178
DA:161,149
DA:162,149
DA:163,149
DA:166,128
BRDA:151,6,0,0
BRDA:151,6,1,178
BRDA:159,39,0,149
BRDA:159,39,1,128
FN:170,CrossValidation.Validations.IValidation`1<TField> CrossValidation.Validations.Validation`1::WithCode(System.String)
FNDA:69,CrossValidation.Validations.IValidation`1<TField> CrossValidation.Validations.Validation`1::WithCode(System.String)
DA:171,69
DA:173,65
DA:176,69
BRDA:171,6,0,65
BRDA:173,21,0,62
BRDA:173,21,1,65
BRDA:171,6,1,69
FN:180,CrossValidation.Validations.IValidation`1<TField> CrossValidation.Validations.Validation`1::WithMessage(System.String)
FNDA:57,CrossValidation.Validations.IValidation`1<TField> CrossValidation.Validations.Validation`1::WithMessage(System.String)
DA:181,57
DA:183,57
DA:186,57
BRDA:181,6,0,57
BRDA:183,21,0,54
BRDA:183,21,1,57
BRDA:181,6,1,57
FN:190,CrossValidation.Validations.IValidation`1<TField> CrossValidation.Validations.Validation`1::WithDetails(System.String)
FNDA:36,CrossValidation.Validations.IValidation`1<TField> CrossValidation.Validations.Validation`1::WithDetails(System.String)
DA:191,36
DA:193,36
DA:196,36
BRDA:191,6,0,36
BRDA:193,21,0,33
BRDA:193,21,1,36
BRDA:191,6,1,36
FN:200,CrossValidation.Validations.IValidation`1<TField> CrossValidation.Validations.Validation`1::WithError(CrossValidation.Errors.ICrossError)
FNDA:40,CrossValidation.Validations.IValidation`1<TField> CrossValidation.Validations.Validation`1::WithError(CrossValidation.Errors.ICrossError)
DA:201,40
DA:203,40
DA:204,40
DA:205,40
DA:206,40
DA:207,40
DA:210,40
BRDA:201,6,0,40
BRDA:203,20,0,37
BRDA:203,20,1,40
BRDA:201,6,1,40
FN:214,CrossValidation.Validations.IValidation`1<TField> CrossValidation.Validations.Validation`1::WithFieldDisplayName(System.String)
FNDA:40,CrossValidation.Validations.IValidation`1<TField> CrossValidation.Validations.Validation`1::WithFieldDisplayName(System.String)
DA:215,40
DA:217,40
DA:220,40
BRDA:215,6,0,40
BRDA:217,21,0,37
BRDA:217,21,1,40
BRDA:215,6,1,40
FN:224,CrossValidation.Validations.IValidation`1<TField> CrossValidation.Validations.Validation`1::WithHttpStatusCode(System.Net.HttpStatusCode)
FNDA:33,CrossValidation.Validations.IValidation`1<TField> CrossValidation.Validations.Validation`1::WithHttpStatusCode(System.Net.HttpStatusCode)
DA:225,33
DA:227,33
DA:230,33
BRDA:225,6,0,33
BRDA:227,28,0,30
BRDA:227,28,1,3
BRDA:225,6,1,33
FN:234,CrossValidation.Validations.IValidation`1<TField> CrossValidation.Validations.Validation`1::When(System.Func`1<System.Boolean>)
FNDA:1,CrossValidation.Validations.IValidation`1<TField> CrossValidation.Validations.Validation`1::When(System.Func`1<System.Boolean>)
DA:235,1
DA:236,1
FN:240,CrossValidation.Validations.IValidation`1<TField> CrossValidation.Validations.Validation`1::When(System.Func`2<TField,System.Boolean>)
FNDA:3,CrossValidation.Validations.IValidation`1<TField> CrossValidation.Validations.Validation`1::When(System.Func`2<TField,System.Boolean>)
DA:241,3
DA:242,2
FN:246,CrossValidation.Validations.IValidation`1<TField> CrossValidation.Validations.Validation`1::WhenAsync(System.Func`2<TField,System.Threading.Tasks.Task`1<System.Boolean>>)
FNDA:3,CrossValidation.Validations.IValidation`1<TField> CrossValidation.Validations.Validation`1::WhenAsync(System.Func`2<TField,System.Threading.Tasks.Task`1<System.Boolean>>)
DA:247,3
DA:248,5
DA:249,3
FN:253,CrossValidation.Validations.IValidation`1<TField> CrossValidation.Validations.Validation`1::Must(System.Func`2<TField,System.Boolean>)
FNDA:128,CrossValidation.Validations.IValidation`1<TField> CrossValidation.Validations.Validation`1::Must(System.Func`2<TField,System.Boolean>)
DA:254,128
DA:255,128
DA:256,164
DA:257,82
DA:258,128
BRDA:256,7,0,79
BRDA:256,7,1,82
FN:262,CrossValidation.Validations.IValidation`1<TField> CrossValidation.Validations.Validation`1::MustAsync(System.Func`2<TField,System.Threading.Tasks.Task`1<System.Boolean>>)
FNDA:58,CrossValidation.Validations.IValidation`1<TField> CrossValidation.Validations.Validation`1::MustAsync(System.Func`2<TField,System.Threading.Tasks.Task`1<System.Boolean>>)
DA:263,58
DA:264,58
DA:265,51
DA:266,102
DA:267,109
FN:271,CrossValidation.Validations.IValidation`1<TField> CrossValidation.Validations.Validation`1::Must(System.Func`2<TField,CrossValidation.Errors.ICrossError>)
FNDA:4,CrossValidation.Validations.IValidation`1<TField> CrossValidation.Validations.Validation`1::Must(System.Func`2<TField,CrossValidation.Errors.ICrossError>)
DA:272,4
DA:274,4
DA:275,4
DA:276,3
DA:277,4
DA:278,3
DA:279,4
DA:280,1
DA:281,4
DA:282,4
DA:283,6
DA:284,4
DA:286,4
DA:289,0
BRDA:272,26,0,4
BRDA:272,26,1,0
BRDA:278,40,0,1
BRDA:278,40,1,3
FN:293,CrossValidation.Validations.IValidation`1<TField> CrossValidation.Validations.Validation`1::MustAsync(System.Func`2<TField,System.Threading.Tasks.Task`1<CrossValidation.Errors.ICrossError>>)
FNDA:4,CrossValidation.Validations.IValidation`1<TField> CrossValidation.Validations.Validation`1::MustAsync(System.Func`2<TField,System.Threading.Tasks.Task`1<CrossValidation.Errors.ICrossError>>)
DA:294,4
DA:296,4
DA:297,4
DA:298,3
DA:299,4
DA:300,3
DA:301,4
DA:302,3
DA:303,4
DA:304,4
DA:305,6
DA:306,7
DA:309,0
BRDA:294,26,0,4
BRDA:294,26,1,0
FN:314,CrossValidation.Validations.IValidation`1<TFieldTransformed> CrossValidation.Validations.Validation`1::Transform(System.Func`2<TField,TFieldTransformed>)
FNDA:71,CrossValidation.Validations.IValidation`1<TFieldTransformed> CrossValidation.Validations.Validation`1::Transform(System.Func`2<TField,TFieldTransformed>)
DA:315,71
DA:317,9
DA:320,158
DA:321,62
DA:322,62
DA:323,62
DA:324,62
DA:325,62
DA:326,62
DA:327,62
DA:328,62
DA:329,62
DA:330,62
DA:331,62
DA:332,62
DA:333,62
DA:334,62
DA:335,62
DA:336,62
DA:337,62
DA:338,62
DA:339,62
DA:340,62
DA:341,62
BRDA:315,26,0,9
BRDA:315,26,1,62
BRDA:321,89,0,61
BRDA:321,89,1,62
BRDA:321,110,0,61
BRDA:321,110,1,62
BRDA:321,131,0,61
BRDA:321,131,1,62
BRDA:321,152,0,61
BRDA:321,152,1,62
BRDA:321,180,0,61
BRDA:321,180,1,1
BRDA:321,203,0,61
BRDA:321,203,1,62
FN:345,CrossValidation.Validations.IValidation`1<TField> CrossValidation.Validations.Validation`1::SetModelValidator(CrossValidation.ModelValidator`1<TChildModel>)
FNDA:12,CrossValidation.Validations.IValidation`1<TField> CrossValidation.Validations.Validation`1::SetModelValidator(CrossValidation.ModelValidator`1<TChildModel>)
DA:346,12
DA:347,12
DA:348,12
DA:349,12
DA:350,12
DA:351,12
DA:352,12
DA:354,12
DA:355,12
DA:356,12
DA:357,12
DA:358,12
DA:359,12
DA:360,12
DA:361,12
DA:362,12
DA:363,12
DA:364,19
DA:366,7
DA:368,5
DA:371,2
DA:372,2
DA:373,2
DA:374,2
DA:375,2
DA:376,2
DA:377,2
DA:378,2
DA:379,2
DA:380,2
DA:381,2
DA:382,2
DA:383,2
DA:384,2
DA:385,2
DA:386,2
DA:387,2
DA:388,2
DA:389,2
DA:390,2
DA:391,2
DA:392,2
BRDA:366,131,0,5
BRDA:366,131,1,2
FN:394,System.Func`1<TField> CrossValidation.Validations.Validation`1::get_GetGenericFieldValue()
FNDA:1639,System.Func`1<TField> CrossValidation.Validations.Validation`1::get_GetGenericFieldValue()
DA:395,1639
FN:395,CrossValidation.ValidationContext CrossValidation.Validations.Validation`1::get_Context()
FNDA:11947,CrossValidation.ValidationContext CrossValidation.Validations.Validation`1::get_Context()
DA:396,11947
FN:404,TField CrossValidation.Validations.Validation`1::GetFieldValue()
FNDA:800,TField CrossValidation.Validations.Validation`1::GetFieldValue()
DA:405,800
FN:460,TField CrossValidation.Validations.Validation`1::Instance()
FNDA:6,TField CrossValidation.Validations.Validation`1::Instance()
DA:461,6
FN:467,TInstance CrossValidation.Validations.Validation`1::Instance(System.Func`2<TField,TInstance>)
FNDA:12,TInstance CrossValidation.Validations.Validation`1::Instance(System.Func`2<TField,TInstance>)
DA:468,12
DA:470,12
DA:472,12
DA:473,12
DA:474,12
DA:475,12
DA:476,12
DA:477,0
DA:479,0
FN:482,CrossValidation.Validations.IValidation`1<TField> CrossValidation.Validations.Validation`1::CreateNextValidation()
FNDA:415,CrossValidation.Validations.IValidation`1<TField> CrossValidation.Validations.Validation`1::CreateNextValidation()
DA:483,415
DA:485,103
DA:488,312
DA:489,312
DA:490,312
DA:491,312
DA:492,312
DA:493,312
DA:494,312
DA:495,312
DA:496,312
DA:497,312
DA:498,312
DA:499,312
DA:500,312
DA:501,312
DA:502,312
DA:503,312
DA:504,312
DA:505,312
DA:506,312
DA:507,312
DA:508,312
BRDA:483,6,0,103
BRDA:483,6,1,312
FN:407,System.Void CrossValidation.Validations.Validation`1::.ctor()
FNDA:129,System.Void CrossValidation.Validations.Validation`1::.ctor()
DA:408,129
DA:410,129
FN:411,System.Void CrossValidation.Validations.Validation`1::.ctor(System.Func`1<TField>,System.Type,System.Boolean,System.String,CrossValidation.ValidationContext,System.Nullable`1<System.Int32>,System.String,CrossValidation.Errors.ICrossError,System.String,System.String,System.String,System.Nullable`1<System.Net.HttpStatusCode>,System.String)
FNDA:821,System.Void CrossValidation.Validations.Validation`1::.ctor(System.Func`1<TField>,System.Type,System.Boolean,System.String,CrossValidation.ValidationContext,System.Nullable`1<System.Int32>,System.String,CrossValidation.Errors.ICrossError,System.String,System.String,System.String,System.Nullable`1<System.Net.HttpStatusCode>,System.String)
DA:412,821
DA:413,821
DA:414,821
DA:415,821
DA:416,821
DA:417,821
DA:418,821
DA:419,821
DA:420,821
DA:421,821
DA:422,821
DA:423,821
DA:424,821
DA:425,821
DA:427,821
DA:429,608
DA:433,213
DA:436,821
DA:437,821
DA:438,1031
DA:439,821
DA:440,821
DA:441,821
DA:442,821
DA:443,821
DA:444,821
DA:446,821
DA:448,343
DA:451,821
DA:452,821
DA:453,821
DA:454,821
DA:455,821
DA:456,821
DA:457,821
BRDA:427,21,0,608
BRDA:427,21,1,213
BRDA:436,57,0,224
BRDA:436,57,1,821
BRDA:444,138,0,806
BRDA:444,138,1,15
BRDA:446,151,0,806
BRDA:446,151,1,343
BRDA:446,155,0,343
BRDA:446,155,1,821
FN:399,System.Void CrossValidation.Validations.Validation`1/<ValidateAsync>d__26::MoveNext()
FNDA:32,System.Void CrossValidation.Validations.Validation`1/<ValidateAsync>d__26::MoveNext()
DA:400,32
DA:401,15
LF:250
LH:244
BRF:74
BRH:70
FNF:29
FNH:29
end_of_record
SF:/home/runner/work/CrossValidation/CrossValidation/src/CrossValidation/Validations/ValidationExtensions.cs
FN:14,CrossValidation.Validations.IValidation`1<TField> CrossValidation.Validations.ValidationExtensions::NotNull(CrossValidation.Validations.IValidation`1<TField>)
FNDA:71,CrossValidation.Validations.IValidation`1<TField> CrossValidation.Validations.ValidationExtensions::NotNull(CrossValidation.Validations.IValidation`1<TField>)
DA:15,71
DA:16,55
BRDA:15,42,0,2
BRDA:15,42,1,21
FN:22,CrossValidation.Validations.IValidation`1<TField> CrossValidation.Validations.ValidationExtensions::NotNull(CrossValidation.Validations.IValidation`1<System.Nullable`1<TField>>)
FNDA:48,CrossValidation.Validations.IValidation`1<TField> CrossValidation.Validations.ValidationExtensions::NotNull(CrossValidation.Validations.IValidation`1<System.Nullable`1<TField>>)
DA:23,48
DA:24,28
BRDA:23,42,0,1
BRDA:23,42,1,9
FN:31,CrossValidation.Validations.IValidation`1<System.Nullable`1<TField>> CrossValidation.Validations.ValidationExtensions::WhenNotNull(CrossValidation.Validations.IValidation`1<System.Nullable`1<TField>>,System.Func`2<CrossValidation.Validations.IValidation`1<TField>,CrossValidation.Validations.IValidation`1<TReturnedField>>)
FNDA:59,CrossValidation.Validations.IValidation`1<System.Nullable`1<TField>> CrossValidation.Validations.ValidationExtensions::WhenNotNull(CrossValidation.Validations.IValidation`1<System.Nullable`1<TField>>,System.Func`2<CrossValidation.Validations.IValidation`1<TField>,CrossValidation.Validations.IValidation`1<TReturnedField>>)
DA:32,59
DA:33,32
DA:34,32
DA:35,23
DA:36,77
DA:37,23
DA:38,23
DA:39,23
DA:40,23
DA:41,23
DA:42,23
DA:43,52
BRDA:36,19,0,23
BRDA:36,19,1,23
FN:50,CrossValidation.Validations.IValidation`1<TField> CrossValidation.Validations.ValidationExtensions::WhenNotNull(CrossValidation.Validations.IValidation`1<TField>,System.Func`2<CrossValidation.Validations.IValidation`1<TField>,CrossValidation.Validations.IValidation`1<TReturnedField>>)
FNDA:26,CrossValidation.Validations.IValidation`1<TField> CrossValidation.Validations.ValidationExtensions::WhenNotNull(CrossValidation.Validations.IValidation`1<TField>,System.Func`2<CrossValidation.Validations.IValidation`1<TField>,CrossValidation.Validations.IValidation`1<TReturnedField>>)
DA:51,26
DA:52,13
DA:53,13
DA:54,11
DA:55,40
DA:56,11
DA:57,11
DA:58,11
DA:59,11
DA:60,11
DA:61,11
DA:62,23
BRDA:55,19,0,11
BRDA:55,19,1,11
FN:68,CrossValidation.Validations.IValidation`1<TField> CrossValidation.Validations.ValidationExtensions::Null(CrossValidation.Validations.IValidation`1<TField>)
FNDA:16,CrossValidation.Validations.IValidation`1<TField> CrossValidation.Validations.ValidationExtensions::Null(CrossValidation.Validations.IValidation`1<TField>)
DA:69,16
FN:75,CrossValidation.Validations.IValidation`1<System.Nullable`1<TField>> CrossValidation.Validations.ValidationExtensions::Null(CrossValidation.Validations.IValidation`1<System.Nullable`1<TField>>)
FNDA:6,CrossValidation.Validations.IValidation`1<System.Nullable`1<TField>> CrossValidation.Validations.ValidationExtensions::Null(CrossValidation.Validations.IValidation`1<System.Nullable`1<TField>>)
DA:76,6
FN:83,CrossValidation.Validations.IValidation`1<TField> CrossValidation.Validations.ValidationExtensions::GreaterThan(CrossValidation.Validations.IValidation`1<TField>,TField)
FNDA:116,CrossValidation.Validations.IValidation`1<TField> CrossValidation.Validations.ValidationExtensions::GreaterThan(CrossValidation.Validations.IValidation`1<TField>,TField)
DA:84,116
DA:85,223
FN:91,CrossValidation.Validations.IValidation`1<TField> CrossValidation.Validations.ValidationExtensions::Enum(CrossValidation.Validations.IValidation`1<TField>)
FNDA:4,CrossValidation.Validations.IValidation`1<TField> CrossValidation.Validations.ValidationExtensions::Enum(CrossValidation.Validations.IValidation`1<TField>)
DA:92,4
FN:98,CrossValidation.Validations.IValidation`1<TEnum> CrossValidation.Validations.ValidationExtensions::Enum(CrossValidation.Validations.IValidation`1<System.Int32>)
FNDA:4,CrossValidation.Validations.IValidation`1<TEnum> CrossValidation.Validations.ValidationExtensions::Enum(CrossValidation.Validations.IValidation`1<System.Int32>)
DA:99,4
DA:100,2
BRDA:99,42,0,1
BRDA:99,42,1,1
FN:106,CrossValidation.Validations.IValidation`1<TEnum> CrossValidation.Validations.ValidationExtensions::Enum(CrossValidation.Validations.IValidation`1<System.String>)
FNDA:6,CrossValidation.Validations.IValidation`1<TEnum> CrossValidation.Validations.ValidationExtensions::Enum(CrossValidation.Validations.IValidation`1<System.String>)
DA:107,6
DA:108,4
BRDA:107,42,0,1
BRDA:107,42,1,2
FN:115,CrossValidation.Validations.IValidation`1<TField> CrossValidation.Validations.ValidationExtensions::Enum(CrossValidation.Validations.IValidation`1<TField>,TField[])
FNDA:3,CrossValidation.Validations.IValidation`1<TField> CrossValidation.Validations.ValidationExtensions::Enum(CrossValidation.Validations.IValidation`1<TField>,TField[])
DA:116,3
DA:117,6
FN:124,CrossValidation.Validations.IValidation`1<TEnum> CrossValidation.Validations.ValidationExtensions::Enum(CrossValidation.Validations.IValidation`1<System.Int32>,TEnum[])
FNDA:2,CrossValidation.Validations.IValidation`1<TEnum> CrossValidation.Validations.ValidationExtensions::Enum(CrossValidation.Validations.IValidation`1<System.Int32>,TEnum[])
DA:125,2
DA:126,2
DA:127,2
BRDA:125,49,0,1
BRDA:125,49,1,1
FN:134,CrossValidation.Validations.IValidation`1<TEnum> CrossValidation.Validations.ValidationExtensions::Enum(CrossValidation.Validations.IValidation`1<System.String>,TEnum[])
FNDA:2,CrossValidation.Validations.IValidation`1<TEnum> CrossValidation.Validations.ValidationExtensions::Enum(CrossValidation.Validations.IValidation`1<System.String>,TEnum[])
DA:135,2
DA:136,2
DA:137,2
BRDA:135,49,0,1
BRDA:135,49,1,1
FN:144,CrossValidation.Validations.IValidation`1<System.String> CrossValidation.Validations.ValidationExtensions::LengthRange(CrossValidation.Validations.IValidation`1<System.String>,System.Int32,System.Int32)
FNDA:7,CrossValidation.Validations.IValidation`1<System.String> CrossValidation.Validations.ValidationExtensions::LengthRange(CrossValidation.Validations.IValidation`1<System.String>,System.Int32,System.Int32)
DA:145,7
FN:151,CrossValidation.Validations.IValidation`1<System.String> CrossValidation.Validations.ValidationExtensions::MinimumLength(CrossValidation.Validations.IValidation`1<System.String>,System.Int32)
FNDA:2,CrossValidation.Validations.IValidation`1<System.String> CrossValidation.Validations.ValidationExtensions::MinimumLength(CrossValidation.Validations.IValidation`1<System.String>,System.Int32)
DA:152,2
FN:158,CrossValidation.Validations.IValidation`1<System.Collections.Generic.IEnumerable`1<TInnerType>> CrossValidation.Validations.ValidationExtensions::ForEach(CrossValidation.Validations.IValidation`1<System.Collections.Generic.IEnumerable`1<TInnerType>>,System.Func`2<CrossValidation.Validations.IValidation`1<TInnerType>,CrossValidation.Validations.IValidation`1<TReturnedField>>)
FNDA:42,CrossValidation.Validations.IValidation`1<System.Collections.Generic.IEnumerable`1<TInnerType>> CrossValidation.Validations.ValidationExtensions::ForEach(CrossValidation.Validations.IValidation`1<System.Collections.Generic.IEnumerable`1<TInnerType>>,System.Func`2<CrossValidation.Validations.IValidation`1<TInnerType>,CrossValidation.Validations.IValidation`1<TReturnedField>>)
DA:159,42
DA:160,42
DA:161,41
DA:162,41
DA:163,41
DA:164,41
DA:165,41
DA:166,42
DA:167,219
DA:168,42
DA:169,270
DA:170,89
DA:171,89
DA:172,89
DA:173,89
DA:174,89
DA:175,89
DA:176,89
DA:177,78
DA:178,78
DA:179,78
DA:180,78
DA:181,78
DA:182,42
DA:183,78
DA:184,42
DA:185,30
DA:186,30
DA:187,42
DA:188,42
DA:189,72
BRDA:167,219,1,89
BRDA:179,167,0,34
BRDA:179,167,1,44
BRDA:183,196,0,30
BRDA:183,196,1,89
BRDA:167,219,0,0
FN:196,CrossValidation.Validations.IValidation`1<System.String> CrossValidation.Validations.ValidationExtensions::Regex(CrossValidation.Validations.IValidation`1<System.String>,System.String)
FNDA:4,CrossValidation.Validations.IValidation`1<System.String> CrossValidation.Validations.ValidationExtensions::Regex(CrossValidation.Validations.IValidation`1<System.String>,System.String)
DA:197,4
FN:201,CrossValidation.Validations.IValidation`1<System.String> CrossValidation.Validations.ValidationExtensions::Empty(CrossValidation.Validations.IValidation`1<System.String>)
FNDA:4,CrossValidation.Validations.IValidation`1<System.String> CrossValidation.Validations.ValidationExtensions::Empty(CrossValidation.Validations.IValidation`1<System.String>)
DA:202,4
FN:206,CrossValidation.Validations.IValidation`1<System.Collections.Generic.IEnumerable`1<TField>> CrossValidation.Validations.ValidationExtensions::Empty(CrossValidation.Validations.IValidation`1<System.Collections.Generic.IEnumerable`1<TField>>)
FNDA:4,CrossValidation.Validations.IValidation`1<System.Collections.Generic.IEnumerable`1<TField>> CrossValidation.Validations.ValidationExtensions::Empty(CrossValidation.Validations.IValidation`1<System.Collections.Generic.IEnumerable`1<TField>>)
DA:207,4
FN:211,CrossValidation.Validations.IValidation`1<System.String> CrossValidation.Validations.ValidationExtensions::NotEmpty(CrossValidation.Validations.IValidation`1<System.String>)
FNDA:4,CrossValidation.Validations.IValidation`1<System.String> CrossValidation.Validations.ValidationExtensions::NotEmpty(CrossValidation.Validations.IValidation`1<System.String>)
DA:212,4
FN:216,CrossValidation.Validations.IValidation`1<System.Collections.Generic.IEnumerable`1<TField>> CrossValidation.Validations.ValidationExtensions::NotEmpty(CrossValidation.Validations.IValidation`1<System.Collections.Generic.IEnumerable`1<TField>>)
FNDA:4,CrossValidation.Validations.IValidation`1<System.Collections.Generic.IEnumerable`1<TField>> CrossValidation.Validations.ValidationExtensions::NotEmpty(CrossValidation.Validations.IValidation`1<System.Collections.Generic.IEnumerable`1<TField>>)
DA:217,4
FN:225,CrossValidation.Validations.IValidation`1<TDependentField> CrossValidation.Validations.ValidationExtensions::CreateScopeValidation(CrossValidation.Validations.IValidation`1<TField>,System.Func`1<TDependentField>,System.Nullable`1<System.Int32>,System.String)
FNDA:232,CrossValidation.Validations.IValidation`1<TDependentField> CrossValidation.Validations.ValidationExtensions::CreateScopeValidation(CrossValidation.Validations.IValidation`1<TField>,System.Func`1<TDependentField>,System.Nullable`1<System.Int32>,System.String)
DA:226,232
DA:227,232
DA:228,232
DA:229,232
DA:230,232
DA:231,232
DA:232,232
DA:233,232
DA:234,232
DA:235,232
DA:236,232
DA:237,232
DA:238,232
DA:239,232
DA:240,232
DA:241,232
DA:242,232
DA:243,232
DA:244,232
DA:245,232
DA:246,232
DA:247,232
BRDA:226,15,0,179
BRDA:226,15,1,232
BRDA:245,167,0,163
BRDA:245,167,1,232
FN:254,System.String CrossValidation.Validations.ValidationExtensions::GetFieldPathWithIndex(CrossValidation.Validations.IValidation`1<TField>,System.String,System.Nullable`1<System.Int32>)
FNDA:89,System.String CrossValidation.Validations.ValidationExtensions::GetFieldPathWithIndex(CrossValidation.Validations.IValidation`1<TField>,System.String,System.Nullable`1<System.Int32>)
DA:255,89
DA:257,36
DA:260,53
DA:261,53
BRDA:255,1,0,36
BRDA:255,1,1,53
BRDA:260,12,0,0
BRDA:260,12,1,53
LF:109
LH:109
BRF:30
BRH:28
FNF:23
FNH:23
end_of_record
SF:/home/runner/work/CrossValidation/CrossValidation/src/CrossValidation/Utils/ModelNullabilityValidator.cs
FN:7,System.String CrossValidation.Utils.NonNullablePropertyIsNullException::get_PropertyName()
FNDA:4,System.String CrossValidation.Utils.NonNullablePropertyIsNullException::get_PropertyName()
DA:8,4
FN:12,System.String CrossValidation.Utils.NonNullableItemCollectionWithNullItemException::get_CollectionName()
FNDA:2,System.String CrossValidation.Utils.NonNullableItemCollectionWithNullItemException::get_CollectionName()
DA:13,2
FN:22,System.Void CrossValidation.Utils.ModelNullabilityValidator::Validate(TModel)
FNDA:82,System.Void CrossValidation.Utils.ModelNullabilityValidator::Validate(TModel)
DA:23,82
DA:24,79
FN:27,System.Void CrossValidation.Utils.ModelNullabilityValidator::ValidateModel(System.Object)
FNDA:82,System.Void CrossValidation.Utils.ModelNullabilityValidator::ValidateModel(System.Object)
DA:28,82
DA:30,2401
DA:32,1120
DA:33,1120
DA:35,1120
DA:37,367
DA:41,753
DA:42,752
DA:45,79
BRDA:30,77,1,1120
BRDA:35,42,0,367
BRDA:35,42,1,753
BRDA:30,77,0,79
FN:48,System.Void CrossValidation.Utils.ModelNullabilityValidator::ValidateNestedModel(System.Reflection.PropertyInfo,System.Object)
FNDA:752,System.Void CrossValidation.Utils.ModelNullabilityValidator::ValidateNestedModel(System.Reflection.PropertyInfo,System.Object)
DA:49,752
DA:51,752
DA:53,0
DA:55,752
BRDA:51,11,0,0
BRDA:51,11,1,752
FN:58,System.Void CrossValidation.Utils.ModelNullabilityValidator::ValidatePropertyIsNullable(System.Reflection.NullabilityInfo,System.Reflection.PropertyInfo)
FNDA:367,System.Void CrossValidation.Utils.ModelNullabilityValidator::ValidatePropertyIsNullable(System.Reflection.NullabilityInfo,System.Reflection.PropertyInfo)
DA:59,367
DA:61,367
DA:63,2
DA:64,2
DA:65,2
DA:66,2
DA:68,365
BRDA:61,12,0,2
BRDA:61,12,1,365
FN:74,System.Void CrossValidation.Utils.ModelNullabilityValidator::ValidateCollectionProperty(System.Reflection.NullabilityInfoContext,System.Reflection.PropertyInfo,System.Object)
FNDA:753,System.Void CrossValidation.Utils.ModelNullabilityValidator::ValidateCollectionProperty(System.Reflection.NullabilityInfoContext,System.Reflection.PropertyInfo,System.Object)
DA:75,753
DA:76,753
DA:78,753
DA:80,332
DA:81,332
DA:83,2321
DA:85,829
DA:86,829
DA:88,1
DA:89,1
DA:90,1
DA:91,1
DA:95,752
BRDA:75,21,0,418
BRDA:75,21,1,335
BRDA:78,47,0,332
BRDA:83,125,1,829
BRDA:85,83,0,1
BRDA:85,99,0,1
BRDA:85,83,1,1160
BRDA:85,99,1,1160
BRDA:83,125,0,331
BRDA:78,47,1,752
LF:37
LH:36
BRF:18
BRH:17
FNF:7
FNH:7
end_of_record
SF:/home/runner/work/CrossValidation/CrossValidation/src/CrossValidation/Extensions/NullExtensions.cs
FN:8,TResult CrossValidation.Extensions.NullExtensions::Map(System.Nullable`1<T>,System.Func`2<T,TResult>)
FNDA:2,TResult CrossValidation.Extensions.NullExtensions::Map(System.Nullable`1<T>,System.Func`2<T,TResult>)
DA:9,2
DA:11,1
DA:14,1
BRDA:9,7,0,1
BRDA:9,7,1,1
FN:20,TResult CrossValidation.Extensions.NullExtensions::Map(T,System.Func`2<T,TResult>)
FNDA:2,TResult CrossValidation.Extensions.NullExtensions::Map(T,System.Func`2<T,TResult>)
DA:21,2
DA:23,1
DA:26,1
BRDA:21,6,0,1
BRDA:21,6,1,1
LF:6
LH:6
BRF:4
BRH:4
FNF:2
FNH:2
end_of_record
SF:/home/runner/work/CrossValidation/CrossValidation/src/CrossValidation/Exceptions/CrossException.cs
FN:6,CrossValidation.Errors.ICrossError CrossValidation.Exceptions.CrossException::get_Error()
FNDA:228,CrossValidation.Errors.ICrossError CrossValidation.Exceptions.CrossException::get_Error()
DA:7,228
FN:15,System.Exception CrossValidation.Exceptions.CrossException::FromCrossError(CrossValidation.Errors.ICrossError)
FNDA:161,System.Exception CrossValidation.Exceptions.CrossException::FromCrossError(CrossValidation.Errors.ICrossError)
DA:16,161
FN:8,System.Void CrossValidation.Exceptions.CrossException::.ctor(CrossValidation.Errors.ICrossError)
FNDA:163,System.Void CrossValidation.Exceptions.CrossException::.ctor(CrossValidation.Errors.ICrossError)
DA:9,163
DA:11,163
DA:12,163
LF:5
LH:5
BRF:0
BRH:0
FNF:3
FNH:3
end_of_record
SF:/home/runner/work/CrossValidation/CrossValidation/src/CrossValidation/Exceptions/NoStackTraceException.cs
FN:4,System.String CrossValidation.Exceptions.NoStackTraceException::get_StackTrace()
FNDA:1,System.String CrossValidation.Exceptions.NoStackTraceException::get_StackTrace()
DA:5,1
LF:1
LH:1
BRF:0
BRH:0
FNF:1
FNH:1
end_of_record
SF:/home/runner/work/CrossValidation/CrossValidation/src/CrossValidation/Exceptions/ValidationListException.cs
FN:6,System.Collections.Generic.List`1<CrossValidation.Errors.ICrossError> CrossValidation.Exceptions.ValidationListException::get_Errors()
FNDA:16,System.Collections.Generic.List`1<CrossValidation.Errors.ICrossError> CrossValidation.Exceptions.ValidationListException::get_Errors()
DA:7,16
FN:8,System.Void CrossValidation.Exceptions.ValidationListException::.ctor(System.Collections.Generic.List`1<CrossValidation.Errors.ICrossError>)
FNDA:16,System.Void CrossValidation.Exceptions.ValidationListException::.ctor(System.Collections.Generic.List`1<CrossValidation.Errors.ICrossError>)
DA:9,16
DA:11,16
DA:12,16
LF:4
LH:4
BRF:0
BRH:0
FNF:2
FNH:2
end_of_record
SF:/home/runner/work/CrossValidation/CrossValidation/src/CrossValidation/Errors/CodeCrossError.cs
FN:12,System.String CrossValidation.Errors.CodeCrossError::get_CodeName()
FNDA:8,System.String CrossValidation.Errors.CodeCrossError::get_CodeName()
DA:13,8
DA:14,8
FN:14,System.Void CrossValidation.Errors.CodeCrossError::.ctor(System.String,System.String,System.Nullable`1<System.Net.HttpStatusCode>,System.String,System.String)
FNDA:8,System.Void CrossValidation.Errors.CodeCrossError::.ctor(System.String,System.String,System.Nullable`1<System.Net.HttpStatusCode>,System.String,System.String)
DA:15,8
DA:16,8
DA:17,8
DA:18,8
DA:19,8
LF:7
LH:7
BRF:0
BRH:0
FNF:2
FNH:2
end_of_record
SF:/home/runner/work/CrossValidation/CrossValidation/src/CrossValidation/Errors/CommonCrossError.cs
FN:6,System.Boolean CrossValidation.Errors.CommonCrossError::get_IsCommon()
FNDA:173,System.Boolean CrossValidation.Errors.CommonCrossError::get_IsCommon()
DA:7,173
FN:4,System.Void CrossValidation.Errors.CommonCrossError::.ctor(System.String)
FNDA:185,System.Void CrossValidation.Errors.CommonCrossError::.ctor(System.String)
DA:5,185
FN:8,System.Void CrossValidation.Errors.CommonCrossError/NotNull::.ctor()
FNDA:37,System.Void CrossValidation.Errors.CommonCrossError/NotNull::.ctor()
DA:9,37
FN:10,System.Void CrossValidation.Errors.CommonCrossError/Null::.ctor()
FNDA:8,System.Void CrossValidation.Errors.CommonCrossError/Null::.ctor()
DA:11,8
FN:12,TField CrossValidation.Errors.CommonCrossError/GreaterThan`1::get_ComparisonValue()
FNDA:116,TField CrossValidation.Errors.CommonCrossError/GreaterThan`1::get_ComparisonValue()
DA:13,116
FN:13,System.Void CrossValidation.Errors.CommonCrossError/GreaterThan`1::.ctor(TField)
FNDA:58,System.Void CrossValidation.Errors.CommonCrossError/GreaterThan`1::.ctor(TField)
DA:14,58
FN:15,System.Void CrossValidation.Errors.CommonCrossError/Enum::.ctor()
FNDA:4,System.Void CrossValidation.Errors.CommonCrossError/Enum::.ctor()
DA:16,4
FN:17,System.Void CrossValidation.Errors.CommonCrossError/EnumRange::.ctor()
FNDA:4,System.Void CrossValidation.Errors.CommonCrossError/EnumRange::.ctor()
DA:18,4
FN:19,System.Int32 CrossValidation.Errors.CommonCrossError/LengthRange::get_Minimum()
FNDA:18,System.Int32 CrossValidation.Errors.CommonCrossError/LengthRange::get_Minimum()
DA:20,18
FN:20,System.Void CrossValidation.Errors.CommonCrossError/LengthRange::.ctor(System.Int32,System.Int32,System.Int32)
FNDA:3,System.Void CrossValidation.Errors.CommonCrossError/LengthRange::.ctor(System.Int32,System.Int32,System.Int32)
DA:21,3
FN:23,System.Int32 CrossValidation.Errors.CommonCrossError/MinimumLength::get_Minimum()
FNDA:4,System.Int32 CrossValidation.Errors.CommonCrossError/MinimumLength::get_Minimum()
DA:24,4
FN:24,System.Void CrossValidation.Errors.CommonCrossError/MinimumLength::.ctor(System.Int32,System.Int32)
FNDA:1,System.Void CrossValidation.Errors.CommonCrossError/MinimumLength::.ctor(System.Int32,System.Int32)
DA:25,1
FN:27,System.Void CrossValidation.Errors.CommonCrossError/Predicate::.ctor()
FNDA:65,System.Void CrossValidation.Errors.CommonCrossError/Predicate::.ctor()
DA:28,65
FN:29,System.Void CrossValidation.Errors.CommonCrossError/RegularExpression::.ctor()
FNDA:1,System.Void CrossValidation.Errors.CommonCrossError/RegularExpression::.ctor()
DA:30,1
FN:31,System.Void CrossValidation.Errors.CommonCrossError/EmptyString::.ctor()
FNDA:1,System.Void CrossValidation.Errors.CommonCrossError/EmptyString::.ctor()
DA:32,1
FN:33,System.Void CrossValidation.Errors.CommonCrossError/NotEmptyString::.ctor()
FNDA:1,System.Void CrossValidation.Errors.CommonCrossError/NotEmptyString::.ctor()
DA:34,1
FN:35,System.Void CrossValidation.Errors.CommonCrossError/EmptyCollection::.ctor()
FNDA:1,System.Void CrossValidation.Errors.CommonCrossError/EmptyCollection::.ctor()
DA:36,1
FN:37,System.Void CrossValidation.Errors.CommonCrossError/NotEmptyCollection::.ctor()
FNDA:1,System.Void CrossValidation.Errors.CommonCrossError/NotEmptyCollection::.ctor()
DA:38,1
LF:18
LH:18
BRF:0
BRH:0
FNF:18
FNH:18
end_of_record
SF:/home/runner/work/CrossValidation/CrossValidation/src/CrossValidation/Errors/CompleteCrossError.cs
FN:29,System.String CrossValidation.Errors.CompleteCrossError::get_FieldName()
FNDA:980,System.String CrossValidation.Errors.CompleteCrossError::get_FieldName()
DA:30,980
FN:30,System.String CrossValidation.Errors.CompleteCrossError::get_FieldDisplayName()
FNDA:887,System.String CrossValidation.Errors.CompleteCrossError::get_FieldDisplayName()
DA:31,887
FN:31,System.String CrossValidation.Errors.CompleteCrossError::get_Code()
FNDA:669,System.String CrossValidation.Errors.CompleteCrossError::get_Code()
DA:32,669
FN:32,System.String CrossValidation.Errors.CompleteCrossError::get_Message()
FNDA:1517,System.String CrossValidation.Errors.CompleteCrossError::get_Message()
DA:33,1517
FN:33,System.String CrossValidation.Errors.CompleteCrossError::get_Details()
FNDA:695,System.String CrossValidation.Errors.CompleteCrossError::get_Details()
DA:34,695
FN:34,System.Nullable`1<System.Net.HttpStatusCode> CrossValidation.Errors.CompleteCrossError::get_HttpStatusCode()
FNDA:691,System.Nullable`1<System.Net.HttpStatusCode> CrossValidation.Errors.CompleteCrossError::get_HttpStatusCode()
DA:35,691
FN:35,System.Collections.Generic.Dictionary`2<System.String,System.Object> CrossValidation.Errors.CompleteCrossError::get_PlaceholderValues()
FNDA:2334,System.Collections.Generic.Dictionary`2<System.String,System.Object> CrossValidation.Errors.CompleteCrossError::get_PlaceholderValues()
DA:36,2334
FN:36,System.Type CrossValidation.Errors.CompleteCrossError::get_CrossErrorToException()
FNDA:838,System.Type CrossValidation.Errors.CompleteCrossError::get_CrossErrorToException()
DA:37,838
FN:37,System.Func`1<System.Object> CrossValidation.Errors.CompleteCrossError::get_GetFieldValue()
FNDA:658,System.Func`1<System.Object> CrossValidation.Errors.CompleteCrossError::get_GetFieldValue()
DA:38,658
FN:38,System.Boolean CrossValidation.Errors.CompleteCrossError::get_IsCommon()
FNDA:33,System.Boolean CrossValidation.Errors.CompleteCrossError::get_IsCommon()
DA:39,33
FN:68,System.Void CrossValidation.Errors.CompleteCrossError::AddPlaceholderValue(System.Object,System.String)
FNDA:689,System.Void CrossValidation.Errors.CompleteCrossError::AddPlaceholderValue(System.Object,System.String)
DA:69,689
DA:71,689
DA:73,0
DA:76,689
DA:77,689
BRDA:69,6,0,211
BRDA:69,6,1,689
BRDA:71,33,0,0
BRDA:71,33,1,689
BRDA:76,55,0,221
BRDA:76,55,1,689
FN:80,System.Void CrossValidation.Errors.CompleteCrossError::AddPlaceholderValues()
FNDA:210,System.Void CrossValidation.Errors.CompleteCrossError::AddPlaceholderValues()
DA:81,210
DA:82,210
DA:83,210
DA:84,210
FN:90,System.Collections.Generic.IEnumerable`1<System.String> CrossValidation.Errors.CompleteCrossError::GetFieldNames()
FNDA:177,System.Collections.Generic.IEnumerable`1<System.String> CrossValidation.Errors.CompleteCrossError::GetFieldNames()
DA:91,177
DA:92,177
DA:93,177
DA:94,177
DA:95,253
FN:99,System.Exception CrossValidation.Errors.CompleteCrossError::ToException()
FNDA:173,System.Exception CrossValidation.Errors.CompleteCrossError::ToException()
DA:100,173
DA:101,173
DA:102,173
DA:104,173
DA:106,8
DA:109,165
DA:110,165
DA:111,165
DA:112,165
DA:113,165
DA:114,165
BRDA:104,28,0,8
BRDA:104,28,1,165
FN:118,System.String CrossValidation.Errors.CompleteCrossError::CreateExceptionMessage()
FNDA:8,System.String CrossValidation.Errors.CompleteCrossError::CreateExceptionMessage()
DA:119,8
DA:121,8
DA:123,7
DA:126,8
DA:128,8
DA:130,7
DA:134,1
DA:138,8
BRDA:121,8,0,7
BRDA:121,8,1,8
BRDA:126,33,0,8
BRDA:128,36,0,7
BRDA:128,36,1,1
BRDA:126,33,1,8
FN:142,System.Void CrossValidation.Errors.CompleteCrossError::AddCommonPlaceholderValues()
FNDA:210,System.Void CrossValidation.Errors.CompleteCrossError::AddCommonPlaceholderValues()
DA:143,210
DA:144,210
DA:146,210
DA:148,197
DA:150,210
BRDA:146,40,0,197
BRDA:146,40,1,210
FN:153,System.Void CrossValidation.Errors.CompleteCrossError::AddCustomErrorPlaceholderValues()
FNDA:210,System.Void CrossValidation.Errors.CompleteCrossError::AddCustomErrorPlaceholderValues()
DA:154,210
DA:156,210
DA:158,175
DA:159,175
DA:161,492
DA:163,153
DA:164,71
DA:165,71
DA:166,71
DA:169,210
BRDA:156,32,0,206
BRDA:156,43,0,33
BRDA:156,43,1,175
BRDA:156,50,0,175
BRDA:161,165,1,71
BRDA:166,140,0,0
BRDA:166,140,1,71
BRDA:161,165,0,175
BRDA:156,32,1,210
BRDA:156,50,1,210
FN:172,System.Void CrossValidation.Errors.CompleteCrossError::ReplacePlaceholderValues()
FNDA:210,System.Void CrossValidation.Errors.CompleteCrossError::ReplacePlaceholderValues()
DA:173,210
DA:175,29
DA:178,181
DA:179,181
DA:180,32
DA:181,181
DA:182,32
DA:183,181
DA:184,1
DA:185,181
DA:186,181
DA:187,31
DA:188,181
DA:189,181
BRDA:173,6,0,29
BRDA:173,6,1,181
FN:40,System.Void CrossValidation.Errors.CompleteCrossError::.ctor(System.String,System.String,System.String,System.Nullable`1<System.Net.HttpStatusCode>,System.String,System.String,System.Type)
FNDA:242,System.Void CrossValidation.Errors.CompleteCrossError::.ctor(System.String,System.String,System.String,System.Nullable`1<System.Net.HttpStatusCode>,System.String,System.String,System.Type)
DA:41,242
DA:42,242
DA:43,242
DA:44,242
DA:45,242
DA:46,242
DA:47,242
DA:48,242
DA:50,242
DA:51,242
DA:53,242
DA:55,202
DA:58,242
DA:59,242
DA:60,242
DA:61,242
DA:62,242
DA:63,242
BRDA:53,21,0,241
BRDA:53,24,0,202
BRDA:53,21,1,242
BRDA:53,24,1,242
BRDA:62,73,0,242
BRDA:62,73,1,242
FN:27,System.Void CrossValidation.Errors.CompleteCrossError::.cctor()
FNDA:1,System.Void CrossValidation.Errors.CompleteCrossError::.cctor()
DA:28,1
LF:91
LH:90
BRF:36
BRH:34
FNF:20
FNH:20
end_of_record
SF:/home/runner/work/CrossValidation/CrossValidation/src/CrossValidation/Errors/MessageCrossError.cs
FN:3,System.Void CrossValidation.Errors.MessageCrossError::.ctor(System.String)
FNDA:1,System.Void CrossValidation.Errors.MessageCrossError::.ctor(System.String)
DA:4,1
FN:6,System.Void CrossValidation.Errors.MessageCrossError::.ctor(System.String,System.Object[])
FNDA:1,System.Void CrossValidation.Errors.MessageCrossError::.ctor(System.String,System.Object[])
DA:7,1
DA:9,1
LF:3
LH:3
BRF:0
BRH:0
FNF:2
FNH:2
end_of_record
SF:/home/runner/work/CrossValidation/CrossValidation/src/CrossValidation/DependencyInjection/CrossProblemDetails.cs
FN:5,System.String CrossValidation.DependencyInjection.CrossProblemDetails::get_Type()
FNDA:41,System.String CrossValidation.DependencyInjection.CrossProblemDetails::get_Type()
DA:6,41
FN:6,System.String CrossValidation.DependencyInjection.CrossProblemDetails::get_Title()
FNDA:63,System.String CrossValidation.DependencyInjection.CrossProblemDetails::get_Title()
DA:7,63
FN:7,System.Nullable`1<System.Int32> CrossValidation.DependencyInjection.CrossProblemDetails::get_Status()
FNDA:85,System.Nullable`1<System.Int32> CrossValidation.DependencyInjection.CrossProblemDetails::get_Status()
DA:8,85
FN:8,System.String CrossValidation.DependencyInjection.CrossProblemDetails::get_Detail()
FNDA:64,System.String CrossValidation.DependencyInjection.CrossProblemDetails::get_Detail()
DA:9,64
FN:9,System.String CrossValidation.DependencyInjection.CrossProblemDetails::get_Instance()
FNDA:41,System.String CrossValidation.DependencyInjection.CrossProblemDetails::get_Instance()
DA:10,41
FN:10,System.Collections.Generic.IEnumerable`1<CrossValidation.DependencyInjection.CrossProblemDetailsError> CrossValidation.DependencyInjection.CrossProblemDetails::get_Errors()
FNDA:96,System.Collections.Generic.IEnumerable`1<CrossValidation.DependencyInjection.CrossProblemDetailsError> CrossValidation.DependencyInjection.CrossProblemDetails::get_Errors()
DA:11,96
LF:6
LH:6
BRF:0
BRH:0
FNF:6
FNH:6
end_of_record
SF:/home/runner/work/CrossValidation/CrossValidation/src/CrossValidation/DependencyInjection/CrossProblemDetailsError.cs
FN:4,System.String CrossValidation.DependencyInjection.CrossProblemDetailsError::get_Code()
FNDA:89,System.String CrossValidation.DependencyInjection.CrossProblemDetailsError::get_Code()
DA:5,89
FN:5,System.String CrossValidation.DependencyInjection.CrossProblemDetailsError::get_Message()
FNDA:74,System.String CrossValidation.DependencyInjection.CrossProblemDetailsError::get_Message()
DA:6,74
FN:6,System.String CrossValidation.DependencyInjection.CrossProblemDetailsError::get_Details()
FNDA:57,System.String CrossValidation.DependencyInjection.CrossProblemDetailsError::get_Details()
DA:7,57
FN:7,System.Collections.Generic.Dictionary`2<System.String,System.Object> CrossValidation.DependencyInjection.CrossProblemDetailsError::get_Placeholders()
FNDA:37,System.Collections.Generic.Dictionary`2<System.String,System.Object> CrossValidation.DependencyInjection.CrossProblemDetailsError::get_Placeholders()
DA:8,37
LF:4
LH:4
BRF:0
BRH:0
FNF:4
FNH:4
end_of_record
SF:/home/runner/work/CrossValidation/CrossValidation/src/CrossValidation/DependencyInjection/CrossValidationBuilderExtensions.cs
FN:10,Microsoft.AspNetCore.Builder.IApplicationBuilder CrossValidation.DependencyInjection.CrossValidationBuilderExtensions::UseCrossValidation(Microsoft.AspNetCore.Builder.IApplicationBuilder)
FNDA:36,Microsoft.AspNetCore.Builder.IApplicationBuilder CrossValidation.DependencyInjection.CrossValidationBuilderExtensions::UseCrossValidation(Microsoft.AspNetCore.Builder.IApplicationBuilder)
DA:11,36
DA:12,36
FN:16,Microsoft.AspNetCore.Builder.IApplicationBuilder CrossValidation.DependencyInjection.CrossValidationBuilderExtensions::UseCustomMiddleware(Microsoft.AspNetCore.Builder.IApplicationBuilder)
FNDA:36,Microsoft.AspNetCore.Builder.IApplicationBuilder CrossValidation.DependencyInjection.CrossValidationBuilderExtensions::UseCustomMiddleware(Microsoft.AspNetCore.Builder.IApplicationBuilder)
DA:17,36
DA:18,36
FN:22,Microsoft.AspNetCore.Builder.IApplicationBuilder CrossValidation.DependencyInjection.CrossValidationBuilderExtensions::UseCustomRequestLocalization(Microsoft.AspNetCore.Builder.IApplicationBuilder)
FNDA:36,Microsoft.AspNetCore.Builder.IApplicationBuilder CrossValidation.DependencyInjection.CrossValidationBuilderExtensions::UseCustomRequestLocalization(Microsoft.AspNetCore.Builder.IApplicationBuilder)
DA:23,36
DA:24,49
DA:25,36
DA:26,36
DA:27,36
DA:28,36
DA:29,36
DA:30,36
DA:31,36
DA:32,36
DA:33,36
DA:34,36
DA:35,36
DA:36,36
DA:37,36
DA:38,36
DA:39,36
LF:21
LH:21
BRF:0
BRH:0
FNF:3
FNH:3
end_of_record
SF:/home/runner/work/CrossValidation/CrossValidation/src/CrossValidation/DependencyInjection/CrossValidationMiddleware.cs
FN:118,CrossValidation.DependencyInjection.CrossProblemDetailsError CrossValidation.DependencyInjection.CrossValidationMiddleware::CreateCrossProblemDetailsError(CrossValidation.Errors.ICrossError)
FNDA:20,CrossValidation.DependencyInjection.CrossProblemDetailsError CrossValidation.DependencyInjection.CrossValidationMiddleware::CreateCrossProblemDetailsError(CrossValidation.Errors.ICrossError)
DA:119,20
DA:120,20
DA:121,20
DA:122,20
DA:123,20
DA:124,20
DA:126,20
DA:127,20
DA:129,0
DA:131,0
DA:133,0
DA:136,0
DA:139,20
BRDA:126,47,0,0
BRDA:126,55,0,0
BRDA:131,112,1,0
BRDA:131,112,0,0
BRDA:126,47,1,20
BRDA:126,55,1,20
FN:17,System.Void CrossValidation.DependencyInjection.CrossValidationMiddleware::.ctor(Microsoft.Extensions.Logging.ILoggerFactory,Microsoft.AspNetCore.Hosting.IHostingEnvironment)
FNDA:22,System.Void CrossValidation.DependencyInjection.CrossValidationMiddleware::.ctor(Microsoft.Extensions.Logging.ILoggerFactory,Microsoft.AspNetCore.Hosting.IHostingEnvironment)
DA:18,22
DA:20,22
DA:21,22
DA:22,22
FN:42,System.Void CrossValidation.DependencyInjection.CrossValidationMiddleware/<HandleException>d__5::MoveNext()
FNDA:22,System.Void CrossValidation.DependencyInjection.CrossValidationMiddleware/<HandleException>d__5::MoveNext()
DA:43,22
DA:44,22
DA:45,22
DA:46,22
DA:47,22
DA:49,22
DA:51,20
DA:52,20
DA:53,20
DA:54,20
DA:56,20
DA:57,20
DA:58,20
DA:59,20
DA:60,20
DA:62,20
DA:64,17
DA:67,2
DA:69,1
DA:70,1
DA:71,1
DA:73,2
DA:75,0
DA:78,1
DA:80,0
DA:81,0
DA:82,0
DA:83,0
DA:85,1
DA:86,1
DA:88,0
DA:89,0
DA:90,0
DA:91,0
DA:95,1
DA:97,0
DA:100,1
DA:101,1
DA:102,1
DA:103,1
DA:106,22
DA:107,22
DA:108,22
DA:109,22
DA:110,22
DA:111,22
DA:112,22
DA:113,22
DA:114,22
DA:115,22
BRDA:49,60,0,20
BRDA:52,90,0,19
BRDA:52,90,1,1
BRDA:56,136,0,3
BRDA:56,145,0,3
BRDA:56,154,0,3
BRDA:56,136,1,17
BRDA:56,145,1,17
BRDA:56,154,1,17
BRDA:62,169,0,17
BRDA:49,60,1,2
BRDA:67,203,0,1
BRDA:73,272,1,0
BRDA:73,272,0,1
BRDA:67,203,1,1
BRDA:78,312,0,0
BRDA:78,312,1,1
BRDA:85,373,0,0
BRDA:85,373,1,1
BRDA:95,421,0,0
BRDA:95,421,1,1
BRDA:103,487,0,0
BRDA:103,487,1,1
BRDA:62,169,1,22
BRDA:109,544,0,5
BRDA:109,544,1,17
FN:27,System.Void CrossValidation.DependencyInjection.CrossValidationMiddleware/<InvokeAsync>d__4::MoveNext()
FNDA:22,System.Void CrossValidation.DependencyInjection.CrossValidationMiddleware/<InvokeAsync>d__4::MoveNext()
DA:28,22
DA:29,0
DA:30,22
DA:32,22
DA:34,22
DA:36,0
DA:39,22
BRDA:34,287,0,0
BRDA:34,287,1,22
LF:74
LH:58
BRF:34
BRH:24
FNF:4
FNH:4
end_of_record
SF:/home/runner/work/CrossValidation/CrossValidation/src/CrossValidation/DependencyInjection/CrossValidationOptionsBuilder.cs
FN:8,CrossValidation.DependencyInjection.CrossValidationOptionsBuilder CrossValidation.DependencyInjection.CrossValidationOptionsBuilder::LocalizeErrorInClient()
FNDA:0,CrossValidation.DependencyInjection.CrossValidationOptionsBuilder CrossValidation.DependencyInjection.CrossValidationOptionsBuilder::LocalizeErrorInClient()
DA:9,0
DA:10,0
FN:14,CrossValidation.DependencyInjection.CrossValidationOptionsBuilder CrossValidation.DependencyInjection.CrossValidationOptionsBuilder::AddResx()
FNDA:16,CrossValidation.DependencyInjection.CrossValidationOptionsBuilder CrossValidation.DependencyInjection.CrossValidationOptionsBuilder::AddResx()
DA:15,16
DA:16,16
FN:20,CrossValidation.DependencyInjection.CrossValidationOptionsBuilder CrossValidation.DependencyInjection.CrossValidationOptionsBuilder::AddResxAndAssociatedCultures()
FNDA:8,CrossValidation.DependencyInjection.CrossValidationOptionsBuilder CrossValidation.DependencyInjection.CrossValidationOptionsBuilder::AddResxAndAssociatedCultures()
DA:21,8
DA:22,8
DA:23,8
DA:24,8
DA:25,8
DA:27,12608
DA:29,6296
DA:31,6296
DA:36,6288
DA:37,6288
DA:38,6288
DA:40,6288
DA:42,8
DA:46,8
DA:47,8
BRDA:27,141,1,6296
BRDA:31,71,0,6288
BRDA:40,119,0,8
BRDA:31,71,1,6296
BRDA:40,119,1,6296
BRDA:27,141,0,8
FN:51,CrossValidation.DependencyInjection.CrossValidationOptionsBuilder CrossValidation.DependencyInjection.CrossValidationOptionsBuilder::NotHandleUnknownException()
FNDA:0,CrossValidation.DependencyInjection.CrossValidationOptionsBuilder CrossValidation.DependencyInjection.CrossValidationOptionsBuilder::NotHandleUnknownException()
DA:52,0
DA:53,0
FN:57,CrossValidation.DependencyInjection.CrossValidationOptionsBuilder CrossValidation.DependencyInjection.CrossValidationOptionsBuilder::SetDefaultCulture(System.String)
FNDA:7,CrossValidation.DependencyInjection.CrossValidationOptionsBuilder CrossValidation.DependencyInjection.CrossValidationOptionsBuilder::SetDefaultCulture(System.String)
DA:58,7
DA:59,7
FN:63,CrossValidation.DependencyInjection.CrossValidationOptionsBuilder CrossValidation.DependencyInjection.CrossValidationOptionsBuilder::SetSupportedCultures(System.String[])
FNDA:7,CrossValidation.DependencyInjection.CrossValidationOptionsBuilder CrossValidation.DependencyInjection.CrossValidationOptionsBuilder::SetSupportedCultures(System.String[])
DA:64,7
DA:65,7
LF:25
LH:21
BRF:6
BRH:6
FNF:6
FNH:4
end_of_record
SF:/home/runner/work/CrossValidation/CrossValidation/src/CrossValidation/DependencyInjection/CrossValidationServiceCollectionExtensions.cs
FN:10,Microsoft.Extensions.DependencyInjection.IServiceCollection CrossValidation.DependencyInjection.CrossValidationServiceCollectionExtensions::AddCrossValidation(Microsoft.Extensions.DependencyInjection.IServiceCollection,System.Action`1<CrossValidation.DependencyInjection.CrossValidationOptionsBuilder>)
FNDA:50,Microsoft.Extensions.DependencyInjection.IServiceCollection CrossValidation.DependencyInjection.CrossValidationServiceCollectionExtensions::AddCrossValidation(Microsoft.Extensions.DependencyInjection.IServiceCollection,System.Action`1<CrossValidation.DependencyInjection.CrossValidationOptionsBuilder>)
DA:11,50
DA:12,50
DA:13,50
BRDA:11,1,0,14
BRDA:11,1,1,50
LF:3
LH:3
BRF:2
BRH:2
FNF:1
FNH:1
end_of_record